2021-04-06 17:11:45,217 [Worker-5: Loading available Gradle versions] INFO  o.e.b.c.i.u.g.PublishedGradleVersions - Gradle version information cache is out-of-date. Trying to update.
2021-04-06 17:12:48,123 [Worker-12: Importing Maven projects] INFO  o.e.m.c.i.l.LifecycleMappingFactory - Using org.eclipse.m2e.jdt.JarLifecycleMapping lifecycle mapping for MavenProject: io.onedev:server-product:4.1.3 @ D:\Polymtl\HIV2021\LOG8371\TP\LOG8371\server-product\pom.xml.
2021-04-06 17:12:49,563 [Worker-12: Importing Maven projects] WARN  o.e.m.c.i.embedder.EclipseLogger - The POM for org.eclipse.core:org.eclipse.core.contenttype:jar:3.4.200.v20140207 is missing, no dependency information available
2021-04-06 17:12:49,577 [Worker-12: Importing Maven projects] WARN  o.e.m.c.i.embedder.EclipseLogger - The POM for org.eclipse.core:org.eclipse.core.jobs:jar:3.5.300.v20130429 is missing, no dependency information available
2021-04-06 17:12:49,591 [Worker-12: Importing Maven projects] WARN  o.e.m.c.i.embedder.EclipseLogger - The POM for org.eclipse.core:org.eclipse.core.resources:jar:3.9.1.v20140825 is missing, no dependency information available
2021-04-06 17:12:49,605 [Worker-12: Importing Maven projects] WARN  o.e.m.c.i.embedder.EclipseLogger - The POM for org.eclipse.core:org.eclipse.core.runtime:jar:3.13.0.v20170207 is missing, no dependency information available
2021-04-06 17:12:49,620 [Worker-12: Importing Maven projects] WARN  o.e.m.c.i.embedder.EclipseLogger - The POM for org.eclipse.core:org.eclipse.core.filesystem:jar:1.7.0.v20170406 is missing, no dependency information available
2021-04-06 17:12:49,648 [Worker-12: Importing Maven projects] WARN  o.e.m.c.i.embedder.EclipseLogger - The POM for org.eclipse:org.eclipse.osgi:jar:3.12.0.v20170512 is missing, no dependency information available
2021-04-06 17:12:49,661 [Worker-12: Importing Maven projects] WARN  o.e.m.c.i.embedder.EclipseLogger - The POM for org.eclipse.equinox:org.eclipse.equinox.registry:jar:3.5.400.v20140428 is missing, no dependency information available
2021-04-06 17:12:49,675 [Worker-12: Importing Maven projects] WARN  o.e.m.c.i.embedder.EclipseLogger - The POM for org.eclipse.equinox:org.eclipse.equinox.common:jar:3.6.200.v20130402 is missing, no dependency information available
2021-04-06 17:12:49,690 [Worker-12: Importing Maven projects] WARN  o.e.m.c.i.embedder.EclipseLogger - The POM for org.eclipse.cdt:org.eclipse.cdt.core:jar:5.11.0 is missing, no dependency information available
2021-04-06 17:12:54,321 [Worker-12: Importing Maven projects] INFO  o.e.m.c.i.p.WorkspaceClassifierResolverManager - Resolving P/server-core: io.onedev:server-core:4.1.3 with classifier  to /server-core/target/classes
2021-04-06 17:12:54,601 [Worker-12: Importing Maven projects] INFO  o.e.m.c.i.p.WorkspaceClassifierResolverManager - Resolving P/server-plugin-report-jest: io.onedev:server-plugin-report-jest:4.1.3 with classifier  to /server-plugin-report-jest/target/classes
2021-04-06 17:12:54,602 [Worker-12: Importing Maven projects] INFO  o.e.m.c.i.p.WorkspaceClassifierResolverManager - Resolving P/server-plugin-report-clover: io.onedev:server-plugin-report-clover:4.1.3 with classifier  to /server-plugin-report-clover/target/classes
2021-04-06 17:12:54,602 [Worker-12: Importing Maven projects] INFO  o.e.m.c.i.p.WorkspaceClassifierResolverManager - Resolving P/server-plugin-buildspec-maven: io.onedev:server-plugin-buildspec-maven:4.1.3 with classifier  to /server-plugin-buildspec-maven/target/classes
2021-04-06 17:12:54,602 [Worker-12: Importing Maven projects] INFO  o.e.m.c.i.p.WorkspaceClassifierResolverManager - Resolving P/server-plugin-buildspec-node: io.onedev:server-plugin-buildspec-node:4.1.3 with classifier  to /server-plugin-buildspec-node/target/classes
2021-04-06 17:12:54,602 [Worker-12: Importing Maven projects] INFO  o.e.m.c.i.p.WorkspaceClassifierResolverManager - Resolving P/server-plugin-buildspec-gradle: io.onedev:server-plugin-buildspec-gradle:4.1.3 with classifier  to /server-plugin-buildspec-gradle/target/classes
2021-04-06 17:12:54,602 [Worker-12: Importing Maven projects] INFO  o.e.m.c.i.p.WorkspaceClassifierResolverManager - Resolving P/server-plugin-executor-kubernetes: io.onedev:server-plugin-executor-kubernetes:4.1.3 with classifier  to /server-plugin-executor-kubernetes/target/classes
2021-04-06 17:12:54,602 [Worker-12: Importing Maven projects] INFO  o.e.m.c.i.p.WorkspaceClassifierResolverManager - Resolving P/server-plugin-executor-docker: io.onedev:server-plugin-executor-docker:4.1.3 with classifier  to /server-plugin-executor-docker/target/classes
2021-04-06 17:12:54,602 [Worker-12: Importing Maven projects] INFO  o.e.m.c.i.p.WorkspaceClassifierResolverManager - Resolving P/server-plugin-authenticator-ldap: io.onedev:server-plugin-authenticator-ldap:4.1.3 with classifier  to /server-plugin-authenticator-ldap/target/classes
2021-04-06 17:12:54,603 [Worker-12: Importing Maven projects] INFO  o.e.m.c.i.p.WorkspaceClassifierResolverManager - Resolving P/server-plugin-sso-openid: io.onedev:server-plugin-sso-openid:4.1.3 with classifier  to /server-plugin-sso-openid/target/classes
2021-04-06 17:12:54,609 [Worker-12: Importing Maven projects] INFO  o.e.m.c.i.p.WorkspaceClassifierResolverManager - Resolving P/server-plugin-report-markdown: io.onedev:server-plugin-report-markdown:4.1.3 with classifier  to /server-plugin-report-markdown/target/classes
2021-04-06 17:12:54,753 [Worker-12: Importing Maven projects] INFO  o.e.m.c.i.l.LifecycleMappingFactory - Using org.eclipse.m2e.jdt.JarLifecycleMapping lifecycle mapping for MavenProject: io.onedev:server-plugin-report-markdown:4.1.3 @ D:\Polymtl\HIV2021\LOG8371\TP\LOG8371\server-plugin\server-plugin-report-markdown\pom.xml.
2021-04-06 17:12:54,766 [Worker-12: Importing Maven projects] INFO  o.e.m.c.i.p.WorkspaceClassifierResolverManager - Resolving P/server-core: io.onedev:server-core:4.1.3 with classifier  to /server-core/target/classes
2021-04-06 17:12:55,079 [Worker-12: Importing Maven projects] INFO  o.e.m.c.i.l.LifecycleMappingFactory - Using org.eclipse.m2e.jdt.JarLifecycleMapping lifecycle mapping for MavenProject: io.onedev:server-plugin-buildspec-gradle:4.1.3 @ D:\Polymtl\HIV2021\LOG8371\TP\LOG8371\server-plugin\server-plugin-buildspec-gradle\pom.xml.
2021-04-06 17:12:55,091 [Worker-12: Importing Maven projects] INFO  o.e.m.c.i.p.WorkspaceClassifierResolverManager - Resolving P/server-core: io.onedev:server-core:4.1.3 with classifier  to /server-core/target/classes
2021-04-06 17:12:55,401 [Worker-12: Importing Maven projects] INFO  o.e.m.c.i.l.LifecycleMappingFactory - Using org.eclipse.m2e.jdt.JarLifecycleMapping lifecycle mapping for MavenProject: io.onedev:server-plugin-executor-docker:4.1.3 @ D:\Polymtl\HIV2021\LOG8371\TP\LOG8371\server-plugin\server-plugin-executor-docker\pom.xml.
2021-04-06 17:12:55,412 [Worker-12: Importing Maven projects] INFO  o.e.m.c.i.p.WorkspaceClassifierResolverManager - Resolving P/server-core: io.onedev:server-core:4.1.3 with classifier  to /server-core/target/classes
2021-04-06 17:12:55,593 [Worker-12: Importing Maven projects] INFO  o.e.m.c.i.l.LifecycleMappingFactory - Using NULL lifecycle mapping for MavenProject: io.onedev:server-plugin:4.1.3 @ D:\Polymtl\HIV2021\LOG8371\TP\LOG8371\server-plugin\pom.xml.
2021-04-06 17:12:55,603 [Worker-12: Importing Maven projects] INFO  o.e.m.c.i.p.WorkspaceClassifierResolverManager - Resolving P/server-core: io.onedev:server-core:4.1.3 with classifier  to /server-core/target/classes
2021-04-06 17:12:55,934 [Worker-12: Importing Maven projects] INFO  o.e.m.c.i.l.LifecycleMappingFactory - Using org.eclipse.m2e.jdt.JarLifecycleMapping lifecycle mapping for MavenProject: io.onedev:server-plugin-buildspec-node:4.1.3 @ D:\Polymtl\HIV2021\LOG8371\TP\LOG8371\server-plugin\server-plugin-buildspec-node\pom.xml.
2021-04-06 17:12:55,945 [Worker-12: Importing Maven projects] INFO  o.e.m.c.i.p.WorkspaceClassifierResolverManager - Resolving P/server-core: io.onedev:server-core:4.1.3 with classifier  to /server-core/target/classes
2021-04-06 17:12:56,373 [Worker-12: Importing Maven projects] INFO  o.e.m.c.i.l.LifecycleMappingFactory - Using org.eclipse.m2e.jdt.JarLifecycleMapping lifecycle mapping for MavenProject: io.onedev:server-plugin-archetype:4.1.3 @ D:\Polymtl\HIV2021\LOG8371\TP\LOG8371\server-plugin\server-plugin-archetype\pom.xml.
2021-04-06 17:12:56,401 [Worker-12: Importing Maven projects] INFO  o.e.m.c.i.p.WorkspaceClassifierResolverManager - Resolving P/server-core: io.onedev:server-core:4.1.3 with classifier  to /server-core/target/classes
2021-04-06 17:12:56,709 [Worker-12: Importing Maven projects] INFO  o.e.m.c.i.l.LifecycleMappingFactory - Using org.eclipse.m2e.jdt.JarLifecycleMapping lifecycle mapping for MavenProject: io.onedev:server-plugin-authenticator-ldap:4.1.3 @ D:\Polymtl\HIV2021\LOG8371\TP\LOG8371\server-plugin\server-plugin-authenticator-ldap\pom.xml.
2021-04-06 17:12:56,719 [Worker-12: Importing Maven projects] INFO  o.e.m.c.i.p.WorkspaceClassifierResolverManager - Resolving P/server-core: io.onedev:server-core:4.1.3 with classifier  to /server-core/target/classes
2021-04-06 17:12:57,036 [Worker-12: Importing Maven projects] INFO  o.e.m.c.i.l.LifecycleMappingFactory - Using org.eclipse.m2e.jdt.JarLifecycleMapping lifecycle mapping for MavenProject: io.onedev:server-plugin-executor-kubernetes:4.1.3 @ D:\Polymtl\HIV2021\LOG8371\TP\LOG8371\server-plugin\server-plugin-executor-kubernetes\pom.xml.
2021-04-06 17:12:57,046 [Worker-12: Importing Maven projects] INFO  o.e.m.c.i.p.WorkspaceClassifierResolverManager - Resolving P/server-core: io.onedev:server-core:4.1.3 with classifier  to /server-core/target/classes
2021-04-06 17:12:57,369 [Worker-12: Importing Maven projects] INFO  o.e.m.c.i.l.LifecycleMappingFactory - Using org.eclipse.m2e.jdt.JarLifecycleMapping lifecycle mapping for MavenProject: io.onedev:server-plugin-sso-openid:4.1.3 @ D:\Polymtl\HIV2021\LOG8371\TP\LOG8371\server-plugin\server-plugin-sso-openid\pom.xml.
2021-04-06 17:12:57,386 [Worker-12: Importing Maven projects] INFO  o.e.m.c.i.p.WorkspaceClassifierResolverManager - Resolving P/server-core: io.onedev:server-core:4.1.3 with classifier  to /server-core/target/classes
2021-04-06 17:12:57,676 [Worker-12: Importing Maven projects] INFO  o.e.m.c.i.l.LifecycleMappingFactory - Using org.eclipse.m2e.jdt.JarLifecycleMapping lifecycle mapping for MavenProject: io.onedev:server-plugin-report-clover:4.1.3 @ D:\Polymtl\HIV2021\LOG8371\TP\LOG8371\server-plugin\server-plugin-report-clover\pom.xml.
2021-04-06 17:12:57,685 [Worker-12: Importing Maven projects] INFO  o.e.m.c.i.p.WorkspaceClassifierResolverManager - Resolving P/server-core: io.onedev:server-core:4.1.3 with classifier  to /server-core/target/classes
2021-04-06 17:12:58,058 [Worker-12: Importing Maven projects] INFO  o.e.m.c.i.l.LifecycleMappingFactory - Using org.eclipse.m2e.jdt.JarLifecycleMapping lifecycle mapping for MavenProject: io.onedev:server-core:4.1.3 @ D:\Polymtl\HIV2021\LOG8371\TP\LOG8371\server-core\pom.xml.
2021-04-06 17:12:58,365 [Worker-12: Importing Maven projects] INFO  o.e.m.c.i.l.LifecycleMappingFactory - Using org.eclipse.m2e.jdt.JarLifecycleMapping lifecycle mapping for MavenProject: io.onedev:server-plugin-report-jest:4.1.3 @ D:\Polymtl\HIV2021\LOG8371\TP\LOG8371\server-plugin\server-plugin-report-jest\pom.xml.
2021-04-06 17:12:58,373 [Worker-12: Importing Maven projects] INFO  o.e.m.c.i.p.WorkspaceClassifierResolverManager - Resolving P/server-core: io.onedev:server-core:4.1.3 with classifier  to /server-core/target/classes
2021-04-06 17:12:58,667 [Worker-12: Importing Maven projects] INFO  o.e.m.c.i.l.LifecycleMappingFactory - Using org.eclipse.m2e.jdt.JarLifecycleMapping lifecycle mapping for MavenProject: io.onedev:server-plugin-buildspec-maven:4.1.3 @ D:\Polymtl\HIV2021\LOG8371\TP\LOG8371\server-plugin\server-plugin-buildspec-maven\pom.xml.
2021-04-06 17:12:58,676 [Worker-12: Importing Maven projects] INFO  o.e.m.c.i.p.WorkspaceClassifierResolverManager - Resolving P/server-core: io.onedev:server-core:4.1.3 with classifier  to /server-core/target/classes
2021-04-06 17:12:58,957 [Worker-12: Importing Maven projects] INFO  o.e.m.c.i.l.LifecycleMappingFactory - Using org.eclipse.m2e.jdt.JarLifecycleMapping lifecycle mapping for MavenProject: io.onedev:server-product:4.1.3 @ D:\Polymtl\HIV2021\LOG8371\TP\LOG8371\server-product\pom.xml.
2021-04-06 17:12:58,973 [Worker-12: Importing Maven projects] INFO  o.e.m.c.i.p.WorkspaceClassifierResolverManager - Resolving P/server-core: io.onedev:server-core:4.1.3 with classifier  to /server-core/target/classes
2021-04-06 17:12:59,165 [Worker-12: Importing Maven projects] INFO  o.e.m.c.i.p.WorkspaceClassifierResolverManager - Resolving P/server-plugin-report-jest: io.onedev:server-plugin-report-jest:4.1.3 with classifier  to /server-plugin-report-jest/target/classes
2021-04-06 17:12:59,166 [Worker-12: Importing Maven projects] INFO  o.e.m.c.i.p.WorkspaceClassifierResolverManager - Resolving P/server-plugin-report-clover: io.onedev:server-plugin-report-clover:4.1.3 with classifier  to /server-plugin-report-clover/target/classes
2021-04-06 17:12:59,166 [Worker-12: Importing Maven projects] INFO  o.e.m.c.i.p.WorkspaceClassifierResolverManager - Resolving P/server-plugin-buildspec-maven: io.onedev:server-plugin-buildspec-maven:4.1.3 with classifier  to /server-plugin-buildspec-maven/target/classes
2021-04-06 17:12:59,166 [Worker-12: Importing Maven projects] INFO  o.e.m.c.i.p.WorkspaceClassifierResolverManager - Resolving P/server-plugin-buildspec-node: io.onedev:server-plugin-buildspec-node:4.1.3 with classifier  to /server-plugin-buildspec-node/target/classes
2021-04-06 17:12:59,166 [Worker-12: Importing Maven projects] INFO  o.e.m.c.i.p.WorkspaceClassifierResolverManager - Resolving P/server-plugin-buildspec-gradle: io.onedev:server-plugin-buildspec-gradle:4.1.3 with classifier  to /server-plugin-buildspec-gradle/target/classes
2021-04-06 17:12:59,166 [Worker-12: Importing Maven projects] INFO  o.e.m.c.i.p.WorkspaceClassifierResolverManager - Resolving P/server-plugin-executor-kubernetes: io.onedev:server-plugin-executor-kubernetes:4.1.3 with classifier  to /server-plugin-executor-kubernetes/target/classes
2021-04-06 17:12:59,166 [Worker-12: Importing Maven projects] INFO  o.e.m.c.i.p.WorkspaceClassifierResolverManager - Resolving P/server-plugin-executor-docker: io.onedev:server-plugin-executor-docker:4.1.3 with classifier  to /server-plugin-executor-docker/target/classes
2021-04-06 17:12:59,166 [Worker-12: Importing Maven projects] INFO  o.e.m.c.i.p.WorkspaceClassifierResolverManager - Resolving P/server-plugin-authenticator-ldap: io.onedev:server-plugin-authenticator-ldap:4.1.3 with classifier  to /server-plugin-authenticator-ldap/target/classes
2021-04-06 17:12:59,166 [Worker-12: Importing Maven projects] INFO  o.e.m.c.i.p.WorkspaceClassifierResolverManager - Resolving P/server-plugin-sso-openid: io.onedev:server-plugin-sso-openid:4.1.3 with classifier  to /server-plugin-sso-openid/target/classes
2021-04-06 17:12:59,172 [Worker-12: Importing Maven projects] INFO  o.e.m.c.i.p.WorkspaceClassifierResolverManager - Resolving P/server-plugin-report-markdown: io.onedev:server-plugin-report-markdown:4.1.3 with classifier  to /server-plugin-report-markdown/target/classes
2021-04-06 17:12:59,295 [Worker-12: Importing Maven projects] INFO  o.e.m.c.i.l.LifecycleMappingFactory - Using org.eclipse.m2e.jdt.JarLifecycleMapping lifecycle mapping for MavenProject: io.onedev:server-plugin-report-markdown:4.1.3 @ D:\Polymtl\HIV2021\LOG8371\TP\LOG8371\server-plugin\server-plugin-report-markdown\pom.xml.
2021-04-06 17:12:59,305 [Worker-12: Importing Maven projects] INFO  o.e.m.c.i.p.WorkspaceClassifierResolverManager - Resolving P/server-core: io.onedev:server-core:4.1.3 with classifier  to /server-core/target/classes
2021-04-06 17:12:59,603 [Worker-12: Importing Maven projects] INFO  o.e.m.c.i.l.LifecycleMappingFactory - Using org.eclipse.m2e.jdt.JarLifecycleMapping lifecycle mapping for MavenProject: io.onedev:server-plugin-buildspec-gradle:4.1.3 @ D:\Polymtl\HIV2021\LOG8371\TP\LOG8371\server-plugin\server-plugin-buildspec-gradle\pom.xml.
2021-04-06 17:12:59,610 [Worker-12: Importing Maven projects] INFO  o.e.m.c.i.p.WorkspaceClassifierResolverManager - Resolving P/server-core: io.onedev:server-core:4.1.3 with classifier  to /server-core/target/classes
2021-04-06 17:12:59,906 [Worker-12: Importing Maven projects] INFO  o.e.m.c.i.l.LifecycleMappingFactory - Using org.eclipse.m2e.jdt.JarLifecycleMapping lifecycle mapping for MavenProject: io.onedev:server-plugin-executor-docker:4.1.3 @ D:\Polymtl\HIV2021\LOG8371\TP\LOG8371\server-plugin\server-plugin-executor-docker\pom.xml.
2021-04-06 17:12:59,914 [Worker-12: Importing Maven projects] INFO  o.e.m.c.i.p.WorkspaceClassifierResolverManager - Resolving P/server-core: io.onedev:server-core:4.1.3 with classifier  to /server-core/target/classes
2021-04-06 17:13:00,210 [Worker-12: Importing Maven projects] INFO  o.e.m.c.i.l.LifecycleMappingFactory - Using org.eclipse.m2e.jdt.JarLifecycleMapping lifecycle mapping for MavenProject: io.onedev:server-plugin-authenticator-ldap:4.1.3 @ D:\Polymtl\HIV2021\LOG8371\TP\LOG8371\server-plugin\server-plugin-authenticator-ldap\pom.xml.
2021-04-06 17:13:00,218 [Worker-12: Importing Maven projects] INFO  o.e.m.c.i.p.WorkspaceClassifierResolverManager - Resolving P/server-core: io.onedev:server-core:4.1.3 with classifier  to /server-core/target/classes
2021-04-06 17:13:00,522 [Worker-12: Importing Maven projects] INFO  o.e.m.c.i.l.LifecycleMappingFactory - Using org.eclipse.m2e.jdt.JarLifecycleMapping lifecycle mapping for MavenProject: io.onedev:server-plugin-executor-kubernetes:4.1.3 @ D:\Polymtl\HIV2021\LOG8371\TP\LOG8371\server-plugin\server-plugin-executor-kubernetes\pom.xml.
2021-04-06 17:13:00,535 [Worker-12: Importing Maven projects] INFO  o.e.m.c.i.p.WorkspaceClassifierResolverManager - Resolving P/server-core: io.onedev:server-core:4.1.3 with classifier  to /server-core/target/classes
2021-04-06 17:13:00,847 [Worker-12: Importing Maven projects] INFO  o.e.m.c.i.l.LifecycleMappingFactory - Using org.eclipse.m2e.jdt.JarLifecycleMapping lifecycle mapping for MavenProject: io.onedev:server-plugin-sso-openid:4.1.3 @ D:\Polymtl\HIV2021\LOG8371\TP\LOG8371\server-plugin\server-plugin-sso-openid\pom.xml.
2021-04-06 17:13:00,862 [Worker-12: Importing Maven projects] INFO  o.e.m.c.i.p.WorkspaceClassifierResolverManager - Resolving P/server-core: io.onedev:server-core:4.1.3 with classifier  to /server-core/target/classes
2021-04-06 17:13:01,035 [Worker-12: Importing Maven projects] INFO  o.e.m.c.i.l.LifecycleMappingFactory - Using NULL lifecycle mapping for MavenProject: io.onedev:server-plugin:4.1.3 @ D:\Polymtl\HIV2021\LOG8371\TP\LOG8371\server-plugin\pom.xml.
2021-04-06 17:13:01,043 [Worker-12: Importing Maven projects] INFO  o.e.m.c.i.p.WorkspaceClassifierResolverManager - Resolving P/server-core: io.onedev:server-core:4.1.3 with classifier  to /server-core/target/classes
2021-04-06 17:13:01,334 [Worker-12: Importing Maven projects] INFO  o.e.m.c.i.l.LifecycleMappingFactory - Using org.eclipse.m2e.jdt.JarLifecycleMapping lifecycle mapping for MavenProject: io.onedev:server-plugin-report-clover:4.1.3 @ D:\Polymtl\HIV2021\LOG8371\TP\LOG8371\server-plugin\server-plugin-report-clover\pom.xml.
2021-04-06 17:13:01,343 [Worker-12: Importing Maven projects] INFO  o.e.m.c.i.p.WorkspaceClassifierResolverManager - Resolving P/server-core: io.onedev:server-core:4.1.3 with classifier  to /server-core/target/classes
2021-04-06 17:13:01,637 [Worker-12: Importing Maven projects] INFO  o.e.m.c.i.l.LifecycleMappingFactory - Using org.eclipse.m2e.jdt.JarLifecycleMapping lifecycle mapping for MavenProject: io.onedev:server-plugin-buildspec-node:4.1.3 @ D:\Polymtl\HIV2021\LOG8371\TP\LOG8371\server-plugin\server-plugin-buildspec-node\pom.xml.
2021-04-06 17:13:01,645 [Worker-12: Importing Maven projects] INFO  o.e.m.c.i.p.WorkspaceClassifierResolverManager - Resolving P/server-core: io.onedev:server-core:4.1.3 with classifier  to /server-core/target/classes
2021-04-06 17:13:01,948 [Worker-12: Importing Maven projects] INFO  o.e.m.c.i.l.LifecycleMappingFactory - Using org.eclipse.m2e.jdt.JarLifecycleMapping lifecycle mapping for MavenProject: io.onedev:server-plugin-archetype:4.1.3 @ D:\Polymtl\HIV2021\LOG8371\TP\LOG8371\server-plugin\server-plugin-archetype\pom.xml.
2021-04-06 17:13:01,955 [Worker-12: Importing Maven projects] INFO  o.e.m.c.i.p.WorkspaceClassifierResolverManager - Resolving P/server-core: io.onedev:server-core:4.1.3 with classifier  to /server-core/target/classes
2021-04-06 17:13:02,243 [Worker-12: Importing Maven projects] INFO  o.e.m.c.i.l.LifecycleMappingFactory - Using org.eclipse.m2e.jdt.JarLifecycleMapping lifecycle mapping for MavenProject: io.onedev:server-product:4.1.3 @ D:\Polymtl\HIV2021\LOG8371\TP\LOG8371\server-product\pom.xml.
2021-04-06 17:13:02,251 [Worker-12: Importing Maven projects] INFO  o.e.m.c.i.p.WorkspaceClassifierResolverManager - Resolving P/server-core: io.onedev:server-core:4.1.3 with classifier  to /server-core/target/classes
2021-04-06 17:13:02,421 [Worker-12: Importing Maven projects] INFO  o.e.m.c.i.p.WorkspaceClassifierResolverManager - Resolving P/server-plugin-report-jest: io.onedev:server-plugin-report-jest:4.1.3 with classifier  to /server-plugin-report-jest/target/classes
2021-04-06 17:13:02,422 [Worker-12: Importing Maven projects] INFO  o.e.m.c.i.p.WorkspaceClassifierResolverManager - Resolving P/server-plugin-report-clover: io.onedev:server-plugin-report-clover:4.1.3 with classifier  to /server-plugin-report-clover/target/classes
2021-04-06 17:13:02,422 [Worker-12: Importing Maven projects] INFO  o.e.m.c.i.p.WorkspaceClassifierResolverManager - Resolving P/server-plugin-buildspec-maven: io.onedev:server-plugin-buildspec-maven:4.1.3 with classifier  to /server-plugin-buildspec-maven/target/classes
2021-04-06 17:13:02,422 [Worker-12: Importing Maven projects] INFO  o.e.m.c.i.p.WorkspaceClassifierResolverManager - Resolving P/server-plugin-buildspec-node: io.onedev:server-plugin-buildspec-node:4.1.3 with classifier  to /server-plugin-buildspec-node/target/classes
2021-04-06 17:13:02,422 [Worker-12: Importing Maven projects] INFO  o.e.m.c.i.p.WorkspaceClassifierResolverManager - Resolving P/server-plugin-buildspec-gradle: io.onedev:server-plugin-buildspec-gradle:4.1.3 with classifier  to /server-plugin-buildspec-gradle/target/classes
2021-04-06 17:13:02,422 [Worker-12: Importing Maven projects] INFO  o.e.m.c.i.p.WorkspaceClassifierResolverManager - Resolving P/server-plugin-executor-kubernetes: io.onedev:server-plugin-executor-kubernetes:4.1.3 with classifier  to /server-plugin-executor-kubernetes/target/classes
2021-04-06 17:13:02,422 [Worker-12: Importing Maven projects] INFO  o.e.m.c.i.p.WorkspaceClassifierResolverManager - Resolving P/server-plugin-executor-docker: io.onedev:server-plugin-executor-docker:4.1.3 with classifier  to /server-plugin-executor-docker/target/classes
2021-04-06 17:13:02,422 [Worker-12: Importing Maven projects] INFO  o.e.m.c.i.p.WorkspaceClassifierResolverManager - Resolving P/server-plugin-authenticator-ldap: io.onedev:server-plugin-authenticator-ldap:4.1.3 with classifier  to /server-plugin-authenticator-ldap/target/classes
2021-04-06 17:13:02,422 [Worker-12: Importing Maven projects] INFO  o.e.m.c.i.p.WorkspaceClassifierResolverManager - Resolving P/server-plugin-sso-openid: io.onedev:server-plugin-sso-openid:4.1.3 with classifier  to /server-plugin-sso-openid/target/classes
2021-04-06 17:13:02,427 [Worker-12: Importing Maven projects] INFO  o.e.m.c.i.p.WorkspaceClassifierResolverManager - Resolving P/server-plugin-report-markdown: io.onedev:server-plugin-report-markdown:4.1.3 with classifier  to /server-plugin-report-markdown/target/classes
2021-04-06 17:13:02,553 [Worker-12: Importing Maven projects] INFO  o.e.m.c.i.l.LifecycleMappingFactory - Using org.eclipse.m2e.jdt.JarLifecycleMapping lifecycle mapping for MavenProject: io.onedev:server-plugin-report-markdown:4.1.3 @ D:\Polymtl\HIV2021\LOG8371\TP\LOG8371\server-plugin\server-plugin-report-markdown\pom.xml.
2021-04-06 17:13:02,562 [Worker-12: Importing Maven projects] INFO  o.e.m.c.i.p.WorkspaceClassifierResolverManager - Resolving P/server-core: io.onedev:server-core:4.1.3 with classifier  to /server-core/target/classes
2021-04-06 17:13:02,844 [Worker-12: Importing Maven projects] INFO  o.e.m.c.i.l.LifecycleMappingFactory - Using org.eclipse.m2e.jdt.JarLifecycleMapping lifecycle mapping for MavenProject: io.onedev:server-plugin-buildspec-gradle:4.1.3 @ D:\Polymtl\HIV2021\LOG8371\TP\LOG8371\server-plugin\server-plugin-buildspec-gradle\pom.xml.
2021-04-06 17:13:02,858 [Worker-12: Importing Maven projects] INFO  o.e.m.c.i.p.WorkspaceClassifierResolverManager - Resolving P/server-core: io.onedev:server-core:4.1.3 with classifier  to /server-core/target/classes
2021-04-06 17:13:03,159 [Worker-12: Importing Maven projects] INFO  o.e.m.c.i.l.LifecycleMappingFactory - Using org.eclipse.m2e.jdt.JarLifecycleMapping lifecycle mapping for MavenProject: io.onedev:server-plugin-authenticator-ldap:4.1.3 @ D:\Polymtl\HIV2021\LOG8371\TP\LOG8371\server-plugin\server-plugin-authenticator-ldap\pom.xml.
2021-04-06 17:13:03,167 [Worker-12: Importing Maven projects] INFO  o.e.m.c.i.p.WorkspaceClassifierResolverManager - Resolving P/server-core: io.onedev:server-core:4.1.3 with classifier  to /server-core/target/classes
2021-04-06 17:13:03,463 [Worker-12: Importing Maven projects] INFO  o.e.m.c.i.l.LifecycleMappingFactory - Using org.eclipse.m2e.jdt.JarLifecycleMapping lifecycle mapping for MavenProject: io.onedev:server-plugin-executor-docker:4.1.3 @ D:\Polymtl\HIV2021\LOG8371\TP\LOG8371\server-plugin\server-plugin-executor-docker\pom.xml.
2021-04-06 17:13:03,471 [Worker-12: Importing Maven projects] INFO  o.e.m.c.i.p.WorkspaceClassifierResolverManager - Resolving P/server-core: io.onedev:server-core:4.1.3 with classifier  to /server-core/target/classes
2021-04-06 17:13:03,766 [Worker-12: Importing Maven projects] INFO  o.e.m.c.i.l.LifecycleMappingFactory - Using org.eclipse.m2e.jdt.JarLifecycleMapping lifecycle mapping for MavenProject: io.onedev:server-plugin-executor-kubernetes:4.1.3 @ D:\Polymtl\HIV2021\LOG8371\TP\LOG8371\server-plugin\server-plugin-executor-kubernetes\pom.xml.
2021-04-06 17:13:03,775 [Worker-12: Importing Maven projects] INFO  o.e.m.c.i.p.WorkspaceClassifierResolverManager - Resolving P/server-core: io.onedev:server-core:4.1.3 with classifier  to /server-core/target/classes
2021-04-06 17:13:04,072 [Worker-12: Importing Maven projects] INFO  o.e.m.c.i.l.LifecycleMappingFactory - Using org.eclipse.m2e.jdt.JarLifecycleMapping lifecycle mapping for MavenProject: io.onedev:server-plugin-sso-openid:4.1.3 @ D:\Polymtl\HIV2021\LOG8371\TP\LOG8371\server-plugin\server-plugin-sso-openid\pom.xml.
2021-04-06 17:13:04,087 [Worker-12: Importing Maven projects] INFO  o.e.m.c.i.p.WorkspaceClassifierResolverManager - Resolving P/server-core: io.onedev:server-core:4.1.3 with classifier  to /server-core/target/classes
2021-04-06 17:13:04,394 [Worker-12: Importing Maven projects] INFO  o.e.m.c.i.l.LifecycleMappingFactory - Using org.eclipse.m2e.jdt.JarLifecycleMapping lifecycle mapping for MavenProject: io.onedev:server-plugin-report-jest:4.1.3 @ D:\Polymtl\HIV2021\LOG8371\TP\LOG8371\server-plugin\server-plugin-report-jest\pom.xml.
2021-04-06 17:13:04,402 [Worker-12: Importing Maven projects] INFO  o.e.m.c.i.p.WorkspaceClassifierResolverManager - Resolving P/server-core: io.onedev:server-core:4.1.3 with classifier  to /server-core/target/classes
2021-04-06 17:13:04,701 [Worker-12: Importing Maven projects] INFO  o.e.m.c.i.l.LifecycleMappingFactory - Using org.eclipse.m2e.jdt.JarLifecycleMapping lifecycle mapping for MavenProject: io.onedev:server-plugin-buildspec-maven:4.1.3 @ D:\Polymtl\HIV2021\LOG8371\TP\LOG8371\server-plugin\server-plugin-buildspec-maven\pom.xml.
2021-04-06 17:13:04,709 [Worker-12: Importing Maven projects] INFO  o.e.m.c.i.p.WorkspaceClassifierResolverManager - Resolving P/server-core: io.onedev:server-core:4.1.3 with classifier  to /server-core/target/classes
2021-04-06 17:13:04,995 [Worker-12: Importing Maven projects] INFO  o.e.m.c.i.l.LifecycleMappingFactory - Using org.eclipse.m2e.jdt.JarLifecycleMapping lifecycle mapping for MavenProject: io.onedev:server-product:4.1.3 @ D:\Polymtl\HIV2021\LOG8371\TP\LOG8371\server-product\pom.xml.
2021-04-06 17:13:05,004 [Worker-12: Importing Maven projects] INFO  o.e.m.c.i.p.WorkspaceClassifierResolverManager - Resolving P/server-core: io.onedev:server-core:4.1.3 with classifier  to /server-core/target/classes
2021-04-06 17:13:05,166 [Worker-12: Importing Maven projects] INFO  o.e.m.c.i.p.WorkspaceClassifierResolverManager - Resolving P/server-plugin-report-jest: io.onedev:server-plugin-report-jest:4.1.3 with classifier  to /server-plugin-report-jest/target/classes
2021-04-06 17:13:05,166 [Worker-12: Importing Maven projects] INFO  o.e.m.c.i.p.WorkspaceClassifierResolverManager - Resolving P/server-plugin-report-clover: io.onedev:server-plugin-report-clover:4.1.3 with classifier  to /server-plugin-report-clover/target/classes
2021-04-06 17:13:05,166 [Worker-12: Importing Maven projects] INFO  o.e.m.c.i.p.WorkspaceClassifierResolverManager - Resolving P/server-plugin-buildspec-maven: io.onedev:server-plugin-buildspec-maven:4.1.3 with classifier  to /server-plugin-buildspec-maven/target/classes
2021-04-06 17:13:05,166 [Worker-12: Importing Maven projects] INFO  o.e.m.c.i.p.WorkspaceClassifierResolverManager - Resolving P/server-plugin-buildspec-node: io.onedev:server-plugin-buildspec-node:4.1.3 with classifier  to /server-plugin-buildspec-node/target/classes
2021-04-06 17:13:05,166 [Worker-12: Importing Maven projects] INFO  o.e.m.c.i.p.WorkspaceClassifierResolverManager - Resolving P/server-plugin-buildspec-gradle: io.onedev:server-plugin-buildspec-gradle:4.1.3 with classifier  to /server-plugin-buildspec-gradle/target/classes
2021-04-06 17:13:05,166 [Worker-12: Importing Maven projects] INFO  o.e.m.c.i.p.WorkspaceClassifierResolverManager - Resolving P/server-plugin-executor-kubernetes: io.onedev:server-plugin-executor-kubernetes:4.1.3 with classifier  to /server-plugin-executor-kubernetes/target/classes
2021-04-06 17:13:05,166 [Worker-12: Importing Maven projects] INFO  o.e.m.c.i.p.WorkspaceClassifierResolverManager - Resolving P/server-plugin-executor-docker: io.onedev:server-plugin-executor-docker:4.1.3 with classifier  to /server-plugin-executor-docker/target/classes
2021-04-06 17:13:05,166 [Worker-12: Importing Maven projects] INFO  o.e.m.c.i.p.WorkspaceClassifierResolverManager - Resolving P/server-plugin-authenticator-ldap: io.onedev:server-plugin-authenticator-ldap:4.1.3 with classifier  to /server-plugin-authenticator-ldap/target/classes
2021-04-06 17:13:05,166 [Worker-12: Importing Maven projects] INFO  o.e.m.c.i.p.WorkspaceClassifierResolverManager - Resolving P/server-plugin-sso-openid: io.onedev:server-plugin-sso-openid:4.1.3 with classifier  to /server-plugin-sso-openid/target/classes
2021-04-06 17:13:05,171 [Worker-12: Importing Maven projects] INFO  o.e.m.c.i.p.WorkspaceClassifierResolverManager - Resolving P/server-plugin-report-markdown: io.onedev:server-plugin-report-markdown:4.1.3 with classifier  to /server-plugin-report-markdown/target/classes
2021-04-06 17:13:14,986 [Worker-12: Importing Maven projects] INFO  o.e.m.c.i.embedder.EclipseLogger - ANTLR 4: Processing source directory D:\Polymtl\HIV2021\LOG8371\TP\LOG8371\server-core\src\main\java
2021-04-06 17:13:15,316 [Worker-12: Importing Maven projects] INFO  o.e.m.c.i.embedder.EclipseLogger - Processing grammar: io\onedev\server\search\code\query\regex\PCRE.g4
2021-04-06 17:13:16,127 [Worker-12: Importing Maven projects] INFO  o.e.m.c.i.embedder.EclipseLogger - Processing grammar: io\onedev\server\search\entity\codecomment\CodeCommentQuery.g4
2021-04-06 17:13:16,371 [Worker-12: Importing Maven projects] INFO  o.e.m.c.i.embedder.EclipseLogger - Processing grammar: io\onedev\server\buildspec\job\retrycondition\RetryCondition.g4
2021-04-06 17:13:16,535 [Worker-12: Importing Maven projects] INFO  o.e.m.c.i.embedder.EclipseLogger - Processing grammar: io\onedev\server\search\entity\project\ProjectQuery.g4
2021-04-06 17:13:16,714 [Worker-12: Importing Maven projects] INFO  o.e.m.c.i.embedder.EclipseLogger - Processing grammar: io\onedev\server\buildspec\job\log\instruction\LogInstruction.g4
2021-04-06 17:13:16,864 [Worker-12: Importing Maven projects] INFO  o.e.m.c.i.embedder.EclipseLogger - Processing grammar: io\onedev\server\buildspec\job\action\condition\ActionCondition.g4
2021-04-06 17:13:17,022 [Worker-12: Importing Maven projects] INFO  o.e.m.c.i.embedder.EclipseLogger - Processing grammar: io\onedev\server\search\entity\pullrequest\PullRequestQuery.g4
2021-04-06 17:13:17,192 [Worker-12: Importing Maven projects] INFO  o.e.m.c.i.embedder.EclipseLogger - Processing grammar: io\onedev\server\buildspec\job\action\notificationreceiver\NotificationReceiver.g4
2021-04-06 17:13:17,341 [Worker-12: Importing Maven projects] INFO  o.e.m.c.i.embedder.EclipseLogger - Processing grammar: io\onedev\server\util\jobmatch\JobMatch.g4
2021-04-06 17:13:17,498 [Worker-12: Importing Maven projects] INFO  o.e.m.c.i.embedder.EclipseLogger - Processing grammar: io\onedev\server\util\usermatch\UserMatch.g4
2021-04-06 17:13:17,635 [Worker-12: Importing Maven projects] INFO  o.e.m.c.i.embedder.EclipseLogger - Processing grammar: io\onedev\server\search\entity\build\BuildQuery.g4
2021-04-06 17:13:17,800 [Worker-12: Importing Maven projects] INFO  o.e.m.c.i.embedder.EclipseLogger - Processing grammar: io\onedev\server\util\patternset\InterpolativePatternSet.g4
2021-04-06 17:13:17,909 [Worker-12: Importing Maven projects] INFO  o.e.m.c.i.embedder.EclipseLogger - Processing grammar: io\onedev\server\util\patternset\PatternSet.g4
2021-04-06 17:13:18,014 [Worker-12: Importing Maven projects] INFO  o.e.m.c.i.embedder.EclipseLogger - Processing grammar: io\onedev\server\search\entity\issue\IssueQuery.g4
2021-04-06 17:13:18,181 [Worker-12: Importing Maven projects] INFO  o.e.m.c.i.embedder.EclipseLogger - Processing grammar: io\onedev\server\search\commit\CommitQuery.g4
2021-04-06 17:13:18,293 [Worker-12: Importing Maven projects] INFO  o.e.m.c.i.embedder.EclipseLogger - Processing grammar: io\onedev\server\search\buildmetric\BuildMetricQuery.g4
2021-04-06 17:13:18,445 [Worker-12: Importing Maven projects] INFO  o.e.m.c.i.embedder.EclipseLogger - Processing grammar: io\onedev\server\util\reviewrequirement\ReviewRequirement.g4
2021-04-06 17:13:18,558 [Worker-12: Importing Maven projects] INFO  o.e.m.c.i.embedder.EclipseLogger - Processing grammar: io\onedev\server\util\interpolative\Interpolative.g4
2021-04-06 17:13:27,064 [Worker-12: Importing Maven projects] INFO  o.e.m.j.i.AbstractJavaProjectConfigurator - Adding source folder /server-core/src/main/java
2021-04-06 17:13:27,078 [Worker-12: Importing Maven projects] INFO  o.e.m.j.i.AbstractJavaProjectConfigurator - Adding source folder /server-core/target/generated-sources/antlr4
2021-04-06 17:13:27,079 [Worker-12: Importing Maven projects] INFO  o.e.m.j.i.AbstractJavaProjectConfigurator - Resources folder /server-core/src/main/java overlaps with sources folder /server-core/src/main/java
2021-04-06 17:13:27,108 [Worker-12: Importing Maven projects] INFO  o.e.m.j.i.AbstractJavaProjectConfigurator - Adding resource folder /server-core/src/main/resources
2021-04-06 17:13:27,125 [Worker-12: Importing Maven projects] INFO  o.e.m.j.i.AbstractJavaProjectConfigurator - Resources folder /server-core/target/generated-sources/antlr4 overlaps with sources folder /server-core/target/generated-sources/antlr4
2021-04-06 17:13:27,142 [Worker-12: Importing Maven projects] INFO  o.e.m.j.i.AbstractJavaProjectConfigurator - Adding source folder /server-core/src/test/java
2021-04-06 17:13:27,143 [Worker-12: Importing Maven projects] INFO  o.e.m.j.i.AbstractJavaProjectConfigurator - Resources folder /server-core/src/test/java overlaps with sources folder /server-core/src/test/java
2021-04-06 17:13:30,428 [Worker-12: Importing Maven projects] INFO  o.e.m.c.i.p.WorkspaceClassifierResolverManager - Resolving P/server-core: io.onedev:server-core:4.1.3 with classifier  to /server-core/target/classes
2021-04-06 17:13:30,915 [Worker-12: Importing Maven projects] INFO  o.e.m.j.i.AbstractJavaProjectConfigurator - Adding source folder /server-plugin-report-jest/src/main/java
2021-04-06 17:13:30,915 [Worker-12: Importing Maven projects] INFO  o.e.m.j.i.AbstractJavaProjectConfigurator - Resources folder /server-plugin-report-jest/src/main/java overlaps with sources folder /server-plugin-report-jest/src/main/java
2021-04-06 17:13:30,932 [Worker-12: Importing Maven projects] INFO  o.e.m.j.i.AbstractJavaProjectConfigurator - Adding source folder /server-plugin-report-jest/src/test/java
2021-04-06 17:13:30,932 [Worker-12: Importing Maven projects] INFO  o.e.m.j.i.AbstractJavaProjectConfigurator - Resources folder /server-plugin-report-jest/src/test/java overlaps with sources folder /server-plugin-report-jest/src/test/java
2021-04-06 17:13:32,398 [Worker-12: Importing Maven projects] INFO  o.e.m.c.i.p.WorkspaceClassifierResolverManager - Resolving P/server-core: io.onedev:server-core:4.1.3 with classifier  to /server-core/target/classes
2021-04-06 17:13:32,991 [Worker-12: Importing Maven projects] INFO  o.e.m.j.i.AbstractJavaProjectConfigurator - Adding source folder /server-plugin-buildspec-gradle/src/main/java
2021-04-06 17:13:32,991 [Worker-12: Importing Maven projects] INFO  o.e.m.j.i.AbstractJavaProjectConfigurator - Resources folder /server-plugin-buildspec-gradle/src/main/java overlaps with sources folder /server-plugin-buildspec-gradle/src/main/java
2021-04-06 17:13:32,992 [Worker-12: Importing Maven projects] INFO  o.e.m.j.i.AbstractJavaProjectConfigurator - Adding source folder /server-plugin-buildspec-gradle/src/test/java
2021-04-06 17:13:33,954 [Worker-12: Importing Maven projects] INFO  o.e.m.c.i.p.WorkspaceClassifierResolverManager - Resolving P/server-core: io.onedev:server-core:4.1.3 with classifier  to /server-core/target/classes
2021-04-06 17:13:34,434 [Worker-12: Importing Maven projects] INFO  o.e.m.j.i.AbstractJavaProjectConfigurator - Adding source folder /server-plugin-report-clover/src/main/java
2021-04-06 17:13:34,434 [Worker-12: Importing Maven projects] INFO  o.e.m.j.i.AbstractJavaProjectConfigurator - Resources folder /server-plugin-report-clover/src/main/java overlaps with sources folder /server-plugin-report-clover/src/main/java
2021-04-06 17:13:34,435 [Worker-12: Importing Maven projects] INFO  o.e.m.j.i.AbstractJavaProjectConfigurator - Adding source folder /server-plugin-report-clover/src/test/java
2021-04-06 17:13:35,386 [Worker-12: Importing Maven projects] INFO  o.e.m.c.i.p.WorkspaceClassifierResolverManager - Resolving P/server-core: io.onedev:server-core:4.1.3 with classifier  to /server-core/target/classes
2021-04-06 17:13:35,857 [Worker-12: Importing Maven projects] INFO  o.e.m.j.i.AbstractJavaProjectConfigurator - Adding source folder /server-plugin-sso-openid/src/main/java
2021-04-06 17:13:35,857 [Worker-12: Importing Maven projects] INFO  o.e.m.j.i.AbstractJavaProjectConfigurator - Resources folder /server-plugin-sso-openid/src/main/java overlaps with sources folder /server-plugin-sso-openid/src/main/java
2021-04-06 17:13:35,858 [Worker-12: Importing Maven projects] INFO  o.e.m.j.i.AbstractJavaProjectConfigurator - Adding source folder /server-plugin-sso-openid/src/test/java
2021-04-06 17:13:36,778 [Worker-12: Importing Maven projects] INFO  o.e.m.c.i.p.WorkspaceClassifierResolverManager - Resolving P/server-core: io.onedev:server-core:4.1.3 with classifier  to /server-core/target/classes
2021-04-06 17:13:37,152 [Worker-12: Importing Maven projects] INFO  o.e.m.j.i.AbstractJavaProjectConfigurator - Adding source folder /server-plugin-buildspec-maven/src/main/java
2021-04-06 17:13:37,153 [Worker-12: Importing Maven projects] INFO  o.e.m.j.i.AbstractJavaProjectConfigurator - Resources folder /server-plugin-buildspec-maven/src/main/java overlaps with sources folder /server-plugin-buildspec-maven/src/main/java
2021-04-06 17:13:37,153 [Worker-12: Importing Maven projects] INFO  o.e.m.j.i.AbstractJavaProjectConfigurator - Adding source folder /server-plugin-buildspec-maven/src/test/java
2021-04-06 17:13:38,102 [Worker-12: Importing Maven projects] INFO  o.e.m.c.i.p.WorkspaceClassifierResolverManager - Resolving P/server-core: io.onedev:server-core:4.1.3 with classifier  to /server-core/target/classes
2021-04-06 17:13:38,429 [Worker-12: Importing Maven projects] INFO  o.e.m.j.i.AbstractJavaProjectConfigurator - Adding source folder /server-plugin-buildspec-node/src/main/java
2021-04-06 17:13:38,429 [Worker-12: Importing Maven projects] INFO  o.e.m.j.i.AbstractJavaProjectConfigurator - Resources folder /server-plugin-buildspec-node/src/main/java overlaps with sources folder /server-plugin-buildspec-node/src/main/java
2021-04-06 17:13:38,430 [Worker-12: Importing Maven projects] INFO  o.e.m.j.i.AbstractJavaProjectConfigurator - Adding source folder /server-plugin-buildspec-node/src/test/java
2021-04-06 17:13:39,390 [Worker-12: Importing Maven projects] INFO  o.e.m.c.i.p.WorkspaceClassifierResolverManager - Resolving P/server-core: io.onedev:server-core:4.1.3 with classifier  to /server-core/target/classes
2021-04-06 17:13:39,822 [Worker-12: Importing Maven projects] INFO  o.e.m.j.i.AbstractJavaProjectConfigurator - Adding source folder /server-plugin-executor-kubernetes/src/main/java
2021-04-06 17:13:39,822 [Worker-12: Importing Maven projects] INFO  o.e.m.j.i.AbstractJavaProjectConfigurator - Resources folder /server-plugin-executor-kubernetes/src/main/java overlaps with sources folder /server-plugin-executor-kubernetes/src/main/java
2021-04-06 17:13:39,823 [Worker-12: Importing Maven projects] INFO  o.e.m.j.i.AbstractJavaProjectConfigurator - Adding source folder /server-plugin-executor-kubernetes/src/test/java
2021-04-06 17:13:40,794 [Worker-12: Importing Maven projects] INFO  o.e.m.c.i.p.WorkspaceClassifierResolverManager - Resolving P/server-core: io.onedev:server-core:4.1.3 with classifier  to /server-core/target/classes
2021-04-06 17:13:41,151 [Worker-12: Importing Maven projects] INFO  o.e.m.j.i.AbstractJavaProjectConfigurator - Adding source folder /server-plugin-executor-docker/src/main/java
2021-04-06 17:13:41,152 [Worker-12: Importing Maven projects] INFO  o.e.m.j.i.AbstractJavaProjectConfigurator - Resources folder /server-plugin-executor-docker/src/main/java overlaps with sources folder /server-plugin-executor-docker/src/main/java
2021-04-06 17:13:41,152 [Worker-12: Importing Maven projects] INFO  o.e.m.j.i.AbstractJavaProjectConfigurator - Adding source folder /server-plugin-executor-docker/src/test/java
2021-04-06 17:13:42,241 [Worker-12: Importing Maven projects] INFO  o.e.m.c.i.p.WorkspaceClassifierResolverManager - Resolving P/server-core: io.onedev:server-core:4.1.3 with classifier  to /server-core/target/classes
2021-04-06 17:13:43,966 [Worker-12: Importing Maven projects] INFO  o.e.m.j.i.AbstractJavaProjectConfigurator - Adding source folder /server-plugin-authenticator-ldap/src/main/java
2021-04-06 17:13:43,967 [Worker-12: Importing Maven projects] INFO  o.e.m.j.i.AbstractJavaProjectConfigurator - Resources folder /server-plugin-authenticator-ldap/src/main/java overlaps with sources folder /server-plugin-authenticator-ldap/src/main/java
2021-04-06 17:13:43,968 [Worker-12: Importing Maven projects] INFO  o.e.m.j.i.AbstractJavaProjectConfigurator - Adding source folder /server-plugin-authenticator-ldap/src/test/java
2021-04-06 17:13:44,759 [Worker-12: Importing Maven projects] INFO  o.e.m.c.i.p.WorkspaceClassifierResolverManager - Resolving P/server-core: io.onedev:server-core:4.1.3 with classifier  to /server-core/target/classes
2021-04-06 17:13:45,123 [Worker-12: Importing Maven projects] INFO  o.e.m.j.i.AbstractJavaProjectConfigurator - Adding source folder /server-plugin-report-markdown/src/main/java
2021-04-06 17:13:45,123 [Worker-12: Importing Maven projects] INFO  o.e.m.j.i.AbstractJavaProjectConfigurator - Resources folder /server-plugin-report-markdown/src/main/java overlaps with sources folder /server-plugin-report-markdown/src/main/java
2021-04-06 17:13:45,124 [Worker-12: Importing Maven projects] INFO  o.e.m.j.i.AbstractJavaProjectConfigurator - Adding source folder /server-plugin-report-markdown/src/test/java
2021-04-06 17:13:45,918 [Worker-12: Importing Maven projects] INFO  o.e.m.c.i.p.WorkspaceClassifierResolverManager - Resolving P/server-core: io.onedev:server-core:4.1.3 with classifier  to /server-core/target/classes
2021-04-06 17:13:46,118 [Worker-12: Importing Maven projects] INFO  o.e.m.c.i.p.WorkspaceClassifierResolverManager - Resolving P/server-plugin-report-jest: io.onedev:server-plugin-report-jest:4.1.3 with classifier  to /server-plugin-report-jest/target/classes
2021-04-06 17:13:46,118 [Worker-12: Importing Maven projects] INFO  o.e.m.c.i.p.WorkspaceClassifierResolverManager - Resolving P/server-plugin-report-clover: io.onedev:server-plugin-report-clover:4.1.3 with classifier  to /server-plugin-report-clover/target/classes
2021-04-06 17:13:46,118 [Worker-12: Importing Maven projects] INFO  o.e.m.c.i.p.WorkspaceClassifierResolverManager - Resolving P/server-plugin-buildspec-maven: io.onedev:server-plugin-buildspec-maven:4.1.3 with classifier  to /server-plugin-buildspec-maven/target/classes
2021-04-06 17:13:46,118 [Worker-12: Importing Maven projects] INFO  o.e.m.c.i.p.WorkspaceClassifierResolverManager - Resolving P/server-plugin-buildspec-node: io.onedev:server-plugin-buildspec-node:4.1.3 with classifier  to /server-plugin-buildspec-node/target/classes
2021-04-06 17:13:46,118 [Worker-12: Importing Maven projects] INFO  o.e.m.c.i.p.WorkspaceClassifierResolverManager - Resolving P/server-plugin-buildspec-gradle: io.onedev:server-plugin-buildspec-gradle:4.1.3 with classifier  to /server-plugin-buildspec-gradle/target/classes
2021-04-06 17:13:46,118 [Worker-12: Importing Maven projects] INFO  o.e.m.c.i.p.WorkspaceClassifierResolverManager - Resolving P/server-plugin-executor-kubernetes: io.onedev:server-plugin-executor-kubernetes:4.1.3 with classifier  to /server-plugin-executor-kubernetes/target/classes
2021-04-06 17:13:46,119 [Worker-12: Importing Maven projects] INFO  o.e.m.c.i.p.WorkspaceClassifierResolverManager - Resolving P/server-plugin-executor-docker: io.onedev:server-plugin-executor-docker:4.1.3 with classifier  to /server-plugin-executor-docker/target/classes
2021-04-06 17:13:46,119 [Worker-12: Importing Maven projects] INFO  o.e.m.c.i.p.WorkspaceClassifierResolverManager - Resolving P/server-plugin-authenticator-ldap: io.onedev:server-plugin-authenticator-ldap:4.1.3 with classifier  to /server-plugin-authenticator-ldap/target/classes
2021-04-06 17:13:46,119 [Worker-12: Importing Maven projects] INFO  o.e.m.c.i.p.WorkspaceClassifierResolverManager - Resolving P/server-plugin-sso-openid: io.onedev:server-plugin-sso-openid:4.1.3 with classifier  to /server-plugin-sso-openid/target/classes
2021-04-06 17:13:46,126 [Worker-12: Importing Maven projects] INFO  o.e.m.c.i.p.WorkspaceClassifierResolverManager - Resolving P/server-plugin-report-markdown: io.onedev:server-plugin-report-markdown:4.1.3 with classifier  to /server-plugin-report-markdown/target/classes
2021-04-06 17:13:46,997 [Worker-12: Importing Maven projects] INFO  o.e.m.j.i.AbstractJavaProjectConfigurator - Adding source folder /server-product/src/main/java
2021-04-06 17:13:46,998 [Worker-12: Importing Maven projects] INFO  o.e.m.j.i.AbstractJavaProjectConfigurator - Resources folder /server-product/src/main/java overlaps with sources folder /server-product/src/main/java
2021-04-06 17:13:46,998 [Worker-12: Importing Maven projects] INFO  o.e.m.j.i.AbstractJavaProjectConfigurator - Adding resource folder /server-product/src/main/resources
2021-04-06 17:13:47,034 [Worker-12: Importing Maven projects] INFO  o.e.m.j.i.AbstractJavaProjectConfigurator - Adding source folder /server-product/src/test/java
2021-04-06 17:13:47,034 [Worker-12: Importing Maven projects] INFO  o.e.m.j.i.AbstractJavaProjectConfigurator - Resources folder /server-product/src/test/java overlaps with sources folder /server-product/src/test/java
2021-04-06 17:13:48,013 [Worker-12: Importing Maven projects] INFO  o.e.m.c.i.p.WorkspaceClassifierResolverManager - Resolving P/server-core: io.onedev:server-core:4.1.3 with classifier  to /server-core/target/classes
2021-04-06 17:13:48,604 [Worker-12: Importing Maven projects] INFO  o.e.m.j.i.AbstractJavaProjectConfigurator - Adding source folder /server-plugin-archetype/src/main/java
2021-04-06 17:13:48,604 [Worker-12: Importing Maven projects] INFO  o.e.m.j.i.AbstractJavaProjectConfigurator - Adding resource folder /server-plugin-archetype/src/main/resources
2021-04-06 17:13:48,629 [Worker-12: Importing Maven projects] INFO  o.e.m.j.i.AbstractJavaProjectConfigurator - Adding resource folder /server-plugin-archetype/src/main/resources
2021-04-06 17:13:48,629 [Worker-12: Importing Maven projects] INFO  o.e.m.j.i.AbstractJavaProjectConfigurator - Adding source folder /server-plugin-archetype/src/test/java
2021-04-06 17:13:49,446 [Worker-12: Importing Maven projects] INFO  o.e.m.c.i.p.ProjectConfigurationManager - Imported and configured 14 project(s) in 68 sec
2021-04-06 17:14:51,881 [main] WARN  o.e.m.c.i.embedder.EclipseLogger - The POM for org.eclipse.core:org.eclipse.core.contenttype:jar:3.4.200.v20140207 is missing, no dependency information available
2021-04-06 17:14:51,892 [main] WARN  o.e.m.c.i.embedder.EclipseLogger - The POM for org.eclipse.core:org.eclipse.core.jobs:jar:3.5.300.v20130429 is missing, no dependency information available
2021-04-06 17:14:51,901 [main] WARN  o.e.m.c.i.embedder.EclipseLogger - The POM for org.eclipse.core:org.eclipse.core.resources:jar:3.9.1.v20140825 is missing, no dependency information available
2021-04-06 17:14:51,910 [main] WARN  o.e.m.c.i.embedder.EclipseLogger - The POM for org.eclipse.core:org.eclipse.core.runtime:jar:3.13.0.v20170207 is missing, no dependency information available
2021-04-06 17:14:51,919 [main] WARN  o.e.m.c.i.embedder.EclipseLogger - The POM for org.eclipse.core:org.eclipse.core.filesystem:jar:1.7.0.v20170406 is missing, no dependency information available
2021-04-06 17:14:51,931 [main] WARN  o.e.m.c.i.embedder.EclipseLogger - The POM for org.eclipse:org.eclipse.osgi:jar:3.12.0.v20170512 is missing, no dependency information available
2021-04-06 17:14:51,941 [main] WARN  o.e.m.c.i.embedder.EclipseLogger - The POM for org.eclipse.equinox:org.eclipse.equinox.registry:jar:3.5.400.v20140428 is missing, no dependency information available
2021-04-06 17:14:51,949 [main] WARN  o.e.m.c.i.embedder.EclipseLogger - The POM for org.eclipse.equinox:org.eclipse.equinox.common:jar:3.6.200.v20130402 is missing, no dependency information available
2021-04-06 17:14:51,962 [main] WARN  o.e.m.c.i.embedder.EclipseLogger - The POM for org.eclipse.cdt:org.eclipse.cdt.core:jar:5.11.0 is missing, no dependency information available
2021-04-06 17:14:53,134 [main] INFO  o.e.m.c.i.l.LifecycleMappingFactory - Using org.eclipse.m2e.jdt.JarLifecycleMapping lifecycle mapping for MavenProject: io.onedev:server-core:4.1.3 @ D:\Polymtl\HIV2021\LOG8371\TP\LOG8371\server-core\pom.xml.
2021-04-06 17:15:00,085 [Worker-15: Building] INFO  o.e.m.c.i.embedder.EclipseLogger - No grammars to process
2021-04-06 17:15:00,085 [Worker-15: Building] INFO  o.e.m.c.i.embedder.EclipseLogger - ANTLR 4: Processing source directory D:\Polymtl\HIV2021\LOG8371\TP\LOG8371\server-core\src\main\java
2021-04-06 17:15:00,103 [Worker-15: Building] INFO  o.e.m.c.i.embedder.EclipseLogger - Using 'UTF-8' encoding to copy filtered resources.
2021-04-06 17:15:00,185 [Worker-15: Building] INFO  o.e.m.c.i.embedder.EclipseLogger - Copying 2115 resources
2021-04-06 17:15:31,574 [Worker-15: Building] INFO  o.e.m.c.i.embedder.EclipseLogger - Copying 3 resources
2021-04-06 17:15:31,612 [Worker-15: Building] INFO  o.e.m.c.i.embedder.EclipseLogger - Copying 36 resources
2021-04-06 17:15:31,999 [Worker-15: Building] INFO  o.e.m.c.i.embedder.EclipseLogger - Using 'UTF-8' encoding to copy filtered resources.
2021-04-06 17:15:31,999 [Worker-15: Building] INFO  o.e.m.c.i.embedder.EclipseLogger - skip non existing resourceDirectory D:\Polymtl\HIV2021\LOG8371\TP\LOG8371\server-core\src\test\resources
2021-04-06 17:15:32,000 [Worker-15: Building] INFO  o.e.m.c.i.embedder.EclipseLogger - Copying 3 resources
2021-04-06 17:15:32,924 [Worker-15: Building] WARN  o.e.m.c.i.embedder.EclipseLogger - The POM for org.eclipse.core:org.eclipse.core.contenttype:jar:3.4.200.v20140207 is missing, no dependency information available
2021-04-06 17:15:32,933 [Worker-15: Building] WARN  o.e.m.c.i.embedder.EclipseLogger - The POM for org.eclipse.core:org.eclipse.core.jobs:jar:3.5.300.v20130429 is missing, no dependency information available
2021-04-06 17:15:32,942 [Worker-15: Building] WARN  o.e.m.c.i.embedder.EclipseLogger - The POM for org.eclipse.core:org.eclipse.core.resources:jar:3.9.1.v20140825 is missing, no dependency information available
2021-04-06 17:15:32,950 [Worker-15: Building] WARN  o.e.m.c.i.embedder.EclipseLogger - The POM for org.eclipse.core:org.eclipse.core.runtime:jar:3.13.0.v20170207 is missing, no dependency information available
2021-04-06 17:15:32,959 [Worker-15: Building] WARN  o.e.m.c.i.embedder.EclipseLogger - The POM for org.eclipse.core:org.eclipse.core.filesystem:jar:1.7.0.v20170406 is missing, no dependency information available
2021-04-06 17:15:32,969 [Worker-15: Building] WARN  o.e.m.c.i.embedder.EclipseLogger - The POM for org.eclipse:org.eclipse.osgi:jar:3.12.0.v20170512 is missing, no dependency information available
2021-04-06 17:15:32,979 [Worker-15: Building] WARN  o.e.m.c.i.embedder.EclipseLogger - The POM for org.eclipse.equinox:org.eclipse.equinox.registry:jar:3.5.400.v20140428 is missing, no dependency information available
2021-04-06 17:15:32,988 [Worker-15: Building] WARN  o.e.m.c.i.embedder.EclipseLogger - The POM for org.eclipse.equinox:org.eclipse.equinox.common:jar:3.6.200.v20130402 is missing, no dependency information available
2021-04-06 17:15:32,996 [Worker-15: Building] WARN  o.e.m.c.i.embedder.EclipseLogger - The POM for org.eclipse.cdt:org.eclipse.cdt.core:jar:5.11.0 is missing, no dependency information available
2021-04-06 17:15:33,587 [Worker-15: Building] INFO  o.e.m.c.i.p.WorkspaceClassifierResolverManager - Resolving P/server-core: io.onedev:server-core:4.1.3 with classifier  to /server-core/target/classes
2021-04-06 17:15:34,107 [Worker-15: Building] WARN  o.e.m.c.i.embedder.EclipseLogger - The POM for org.eclipse.core:org.eclipse.core.contenttype:jar:3.4.200.v20140207 is missing, no dependency information available
2021-04-06 17:15:34,120 [Worker-15: Building] WARN  o.e.m.c.i.embedder.EclipseLogger - The POM for org.eclipse.core:org.eclipse.core.jobs:jar:3.5.300.v20130429 is missing, no dependency information available
2021-04-06 17:15:34,129 [Worker-15: Building] WARN  o.e.m.c.i.embedder.EclipseLogger - The POM for org.eclipse.core:org.eclipse.core.resources:jar:3.9.1.v20140825 is missing, no dependency information available
2021-04-06 17:15:34,141 [Worker-15: Building] WARN  o.e.m.c.i.embedder.EclipseLogger - The POM for org.eclipse.core:org.eclipse.core.runtime:jar:3.13.0.v20170207 is missing, no dependency information available
2021-04-06 17:15:34,150 [Worker-15: Building] WARN  o.e.m.c.i.embedder.EclipseLogger - The POM for org.eclipse.core:org.eclipse.core.filesystem:jar:1.7.0.v20170406 is missing, no dependency information available
2021-04-06 17:15:34,161 [Worker-15: Building] WARN  o.e.m.c.i.embedder.EclipseLogger - The POM for org.eclipse:org.eclipse.osgi:jar:3.12.0.v20170512 is missing, no dependency information available
2021-04-06 17:15:34,172 [Worker-15: Building] WARN  o.e.m.c.i.embedder.EclipseLogger - The POM for org.eclipse.equinox:org.eclipse.equinox.registry:jar:3.5.400.v20140428 is missing, no dependency information available
2021-04-06 17:15:34,182 [Worker-15: Building] WARN  o.e.m.c.i.embedder.EclipseLogger - The POM for org.eclipse.equinox:org.eclipse.equinox.common:jar:3.6.200.v20130402 is missing, no dependency information available
2021-04-06 17:15:34,191 [Worker-15: Building] WARN  o.e.m.c.i.embedder.EclipseLogger - The POM for org.eclipse.cdt:org.eclipse.cdt.core:jar:5.11.0 is missing, no dependency information available
2021-04-06 17:15:34,827 [Worker-15: Building] INFO  o.e.m.c.i.p.WorkspaceClassifierResolverManager - Resolving P/server-core: io.onedev:server-core:4.1.3 with classifier  to /server-core/target/classes
2021-04-06 17:15:35,060 [Worker-15: Building] INFO  o.e.m.c.i.p.WorkspaceClassifierResolverManager - Resolving P/server-core: io.onedev:server-core:4.1.3 with classifier  to /server-core/target/classes
2021-04-06 17:15:35,249 [Worker-15: Building] INFO  o.e.m.c.i.embedder.EclipseLogger - Using 'UTF-8' encoding to copy filtered resources.
2021-04-06 17:15:35,249 [Worker-15: Building] INFO  o.e.m.c.i.embedder.EclipseLogger - Copying 1 resource
2021-04-06 17:15:35,280 [Worker-15: Building] INFO  o.e.m.c.i.embedder.EclipseLogger - Copying 2 resources
2021-04-06 17:15:35,429 [Worker-15: Building] INFO  o.e.m.c.i.embedder.EclipseLogger - Using 'UTF-8' encoding to copy filtered resources.
2021-04-06 17:15:35,429 [Worker-15: Building] INFO  o.e.m.c.i.embedder.EclipseLogger - skip non existing resourceDirectory D:\Polymtl\HIV2021\LOG8371\TP\LOG8371\server-plugin\server-plugin-archetype\src\test\resources
2021-04-06 17:15:35,429 [Worker-15: Building] INFO  o.e.m.c.i.embedder.EclipseLogger - skip non existing resourceDirectory D:\Polymtl\HIV2021\LOG8371\TP\LOG8371\server-plugin\server-plugin-archetype\src\test\java
2021-04-06 17:15:35,851 [Worker-15: Building] WARN  o.e.m.c.i.embedder.EclipseLogger - The POM for org.eclipse.core:org.eclipse.core.contenttype:jar:3.4.200.v20140207 is missing, no dependency information available
2021-04-06 17:15:35,860 [Worker-15: Building] WARN  o.e.m.c.i.embedder.EclipseLogger - The POM for org.eclipse.core:org.eclipse.core.jobs:jar:3.5.300.v20130429 is missing, no dependency information available
2021-04-06 17:15:35,868 [Worker-15: Building] WARN  o.e.m.c.i.embedder.EclipseLogger - The POM for org.eclipse.core:org.eclipse.core.resources:jar:3.9.1.v20140825 is missing, no dependency information available
2021-04-06 17:15:35,877 [Worker-15: Building] WARN  o.e.m.c.i.embedder.EclipseLogger - The POM for org.eclipse.core:org.eclipse.core.runtime:jar:3.13.0.v20170207 is missing, no dependency information available
2021-04-06 17:15:35,887 [Worker-15: Building] WARN  o.e.m.c.i.embedder.EclipseLogger - The POM for org.eclipse.core:org.eclipse.core.filesystem:jar:1.7.0.v20170406 is missing, no dependency information available
2021-04-06 17:15:35,897 [Worker-15: Building] WARN  o.e.m.c.i.embedder.EclipseLogger - The POM for org.eclipse:org.eclipse.osgi:jar:3.12.0.v20170512 is missing, no dependency information available
2021-04-06 17:15:35,907 [Worker-15: Building] WARN  o.e.m.c.i.embedder.EclipseLogger - The POM for org.eclipse.equinox:org.eclipse.equinox.registry:jar:3.5.400.v20140428 is missing, no dependency information available
2021-04-06 17:15:35,918 [Worker-15: Building] WARN  o.e.m.c.i.embedder.EclipseLogger - The POM for org.eclipse.equinox:org.eclipse.equinox.common:jar:3.6.200.v20130402 is missing, no dependency information available
2021-04-06 17:15:35,927 [Worker-15: Building] WARN  o.e.m.c.i.embedder.EclipseLogger - The POM for org.eclipse.cdt:org.eclipse.cdt.core:jar:5.11.0 is missing, no dependency information available
2021-04-06 17:15:36,487 [Worker-15: Building] INFO  o.e.m.c.i.p.WorkspaceClassifierResolverManager - Resolving P/server-core: io.onedev:server-core:4.1.3 with classifier  to /server-core/target/classes
2021-04-06 17:15:36,779 [Worker-15: Building] INFO  o.e.m.c.i.p.WorkspaceClassifierResolverManager - Resolving P/server-core: io.onedev:server-core:4.1.3 with classifier  to /server-core/target/classes
2021-04-06 17:15:37,012 [Worker-15: Building] INFO  o.e.m.c.i.embedder.EclipseLogger - Using 'UTF-8' encoding to copy filtered resources.
2021-04-06 17:15:37,012 [Worker-15: Building] INFO  o.e.m.c.i.embedder.EclipseLogger - Copying 0 resource
2021-04-06 17:15:37,012 [Worker-15: Building] INFO  o.e.m.c.i.embedder.EclipseLogger - skip non existing resourceDirectory D:\Polymtl\HIV2021\LOG8371\TP\LOG8371\server-plugin\server-plugin-authenticator-ldap\src\main\resources
2021-04-06 17:15:37,012 [Worker-15: Building] INFO  o.e.m.c.i.embedder.EclipseLogger - skip non existing resourceDirectory D:\Polymtl\HIV2021\LOG8371\TP\LOG8371\server-plugin\server-plugin-authenticator-ldap\target\generated-sources\antlr4
2021-04-06 17:15:37,096 [Worker-15: Building] INFO  o.e.m.c.i.embedder.EclipseLogger - Using 'UTF-8' encoding to copy filtered resources.
2021-04-06 17:15:37,097 [Worker-15: Building] INFO  o.e.m.c.i.embedder.EclipseLogger - skip non existing resourceDirectory D:\Polymtl\HIV2021\LOG8371\TP\LOG8371\server-plugin\server-plugin-authenticator-ldap\src\test\resources
2021-04-06 17:15:37,097 [Worker-15: Building] INFO  o.e.m.c.i.embedder.EclipseLogger - skip non existing resourceDirectory D:\Polymtl\HIV2021\LOG8371\TP\LOG8371\server-plugin\server-plugin-authenticator-ldap\src\test\java
2021-04-06 17:15:37,503 [Worker-15: Building] WARN  o.e.m.c.i.embedder.EclipseLogger - The POM for org.eclipse.core:org.eclipse.core.contenttype:jar:3.4.200.v20140207 is missing, no dependency information available
2021-04-06 17:15:37,512 [Worker-15: Building] WARN  o.e.m.c.i.embedder.EclipseLogger - The POM for org.eclipse.core:org.eclipse.core.jobs:jar:3.5.300.v20130429 is missing, no dependency information available
2021-04-06 17:15:37,520 [Worker-15: Building] WARN  o.e.m.c.i.embedder.EclipseLogger - The POM for org.eclipse.core:org.eclipse.core.resources:jar:3.9.1.v20140825 is missing, no dependency information available
2021-04-06 17:15:37,529 [Worker-15: Building] WARN  o.e.m.c.i.embedder.EclipseLogger - The POM for org.eclipse.core:org.eclipse.core.runtime:jar:3.13.0.v20170207 is missing, no dependency information available
2021-04-06 17:15:37,540 [Worker-15: Building] WARN  o.e.m.c.i.embedder.EclipseLogger - The POM for org.eclipse.core:org.eclipse.core.filesystem:jar:1.7.0.v20170406 is missing, no dependency information available
2021-04-06 17:15:37,551 [Worker-15: Building] WARN  o.e.m.c.i.embedder.EclipseLogger - The POM for org.eclipse:org.eclipse.osgi:jar:3.12.0.v20170512 is missing, no dependency information available
2021-04-06 17:15:37,561 [Worker-15: Building] WARN  o.e.m.c.i.embedder.EclipseLogger - The POM for org.eclipse.equinox:org.eclipse.equinox.registry:jar:3.5.400.v20140428 is missing, no dependency information available
2021-04-06 17:15:37,570 [Worker-15: Building] WARN  o.e.m.c.i.embedder.EclipseLogger - The POM for org.eclipse.equinox:org.eclipse.equinox.common:jar:3.6.200.v20130402 is missing, no dependency information available
2021-04-06 17:15:37,580 [Worker-15: Building] WARN  o.e.m.c.i.embedder.EclipseLogger - The POM for org.eclipse.cdt:org.eclipse.cdt.core:jar:5.11.0 is missing, no dependency information available
2021-04-06 17:15:38,175 [Worker-15: Building] INFO  o.e.m.c.i.p.WorkspaceClassifierResolverManager - Resolving P/server-core: io.onedev:server-core:4.1.3 with classifier  to /server-core/target/classes
2021-04-06 17:15:38,430 [Worker-15: Building] INFO  o.e.m.c.i.p.WorkspaceClassifierResolverManager - Resolving P/server-core: io.onedev:server-core:4.1.3 with classifier  to /server-core/target/classes
2021-04-06 17:15:38,632 [Worker-15: Building] INFO  o.e.m.c.i.embedder.EclipseLogger - Using 'UTF-8' encoding to copy filtered resources.
2021-04-06 17:15:38,633 [Worker-15: Building] INFO  o.e.m.c.i.embedder.EclipseLogger - Copying 0 resource
2021-04-06 17:15:38,633 [Worker-15: Building] INFO  o.e.m.c.i.embedder.EclipseLogger - skip non existing resourceDirectory D:\Polymtl\HIV2021\LOG8371\TP\LOG8371\server-plugin\server-plugin-buildspec-gradle\src\main\resources
2021-04-06 17:15:38,633 [Worker-15: Building] INFO  o.e.m.c.i.embedder.EclipseLogger - skip non existing resourceDirectory D:\Polymtl\HIV2021\LOG8371\TP\LOG8371\server-plugin\server-plugin-buildspec-gradle\target\generated-sources\antlr4
2021-04-06 17:15:38,709 [Worker-15: Building] INFO  o.e.m.c.i.embedder.EclipseLogger - Using 'UTF-8' encoding to copy filtered resources.
2021-04-06 17:15:38,709 [Worker-15: Building] INFO  o.e.m.c.i.embedder.EclipseLogger - skip non existing resourceDirectory D:\Polymtl\HIV2021\LOG8371\TP\LOG8371\server-plugin\server-plugin-buildspec-gradle\src\test\resources
2021-04-06 17:15:38,709 [Worker-15: Building] INFO  o.e.m.c.i.embedder.EclipseLogger - skip non existing resourceDirectory D:\Polymtl\HIV2021\LOG8371\TP\LOG8371\server-plugin\server-plugin-buildspec-gradle\src\test\java
2021-04-06 17:15:39,100 [Worker-15: Building] WARN  o.e.m.c.i.embedder.EclipseLogger - The POM for org.eclipse.core:org.eclipse.core.contenttype:jar:3.4.200.v20140207 is missing, no dependency information available
2021-04-06 17:15:39,110 [Worker-15: Building] WARN  o.e.m.c.i.embedder.EclipseLogger - The POM for org.eclipse.core:org.eclipse.core.jobs:jar:3.5.300.v20130429 is missing, no dependency information available
2021-04-06 17:15:39,122 [Worker-15: Building] WARN  o.e.m.c.i.embedder.EclipseLogger - The POM for org.eclipse.core:org.eclipse.core.resources:jar:3.9.1.v20140825 is missing, no dependency information available
2021-04-06 17:15:39,131 [Worker-15: Building] WARN  o.e.m.c.i.embedder.EclipseLogger - The POM for org.eclipse.core:org.eclipse.core.runtime:jar:3.13.0.v20170207 is missing, no dependency information available
2021-04-06 17:15:39,141 [Worker-15: Building] WARN  o.e.m.c.i.embedder.EclipseLogger - The POM for org.eclipse.core:org.eclipse.core.filesystem:jar:1.7.0.v20170406 is missing, no dependency information available
2021-04-06 17:15:39,150 [Worker-15: Building] WARN  o.e.m.c.i.embedder.EclipseLogger - The POM for org.eclipse:org.eclipse.osgi:jar:3.12.0.v20170512 is missing, no dependency information available
2021-04-06 17:15:39,160 [Worker-15: Building] WARN  o.e.m.c.i.embedder.EclipseLogger - The POM for org.eclipse.equinox:org.eclipse.equinox.registry:jar:3.5.400.v20140428 is missing, no dependency information available
2021-04-06 17:15:39,173 [Worker-15: Building] WARN  o.e.m.c.i.embedder.EclipseLogger - The POM for org.eclipse.equinox:org.eclipse.equinox.common:jar:3.6.200.v20130402 is missing, no dependency information available
2021-04-06 17:15:39,183 [Worker-15: Building] WARN  o.e.m.c.i.embedder.EclipseLogger - The POM for org.eclipse.cdt:org.eclipse.cdt.core:jar:5.11.0 is missing, no dependency information available
2021-04-06 17:15:39,708 [Worker-15: Building] INFO  o.e.m.c.i.p.WorkspaceClassifierResolverManager - Resolving P/server-core: io.onedev:server-core:4.1.3 with classifier  to /server-core/target/classes
2021-04-06 17:15:39,950 [Worker-15: Building] INFO  o.e.m.c.i.p.WorkspaceClassifierResolverManager - Resolving P/server-core: io.onedev:server-core:4.1.3 with classifier  to /server-core/target/classes
2021-04-06 17:15:40,145 [Worker-15: Building] INFO  o.e.m.c.i.embedder.EclipseLogger - Using 'UTF-8' encoding to copy filtered resources.
2021-04-06 17:15:40,146 [Worker-15: Building] INFO  o.e.m.c.i.embedder.EclipseLogger - Copying 0 resource
2021-04-06 17:15:40,146 [Worker-15: Building] INFO  o.e.m.c.i.embedder.EclipseLogger - skip non existing resourceDirectory D:\Polymtl\HIV2021\LOG8371\TP\LOG8371\server-plugin\server-plugin-buildspec-maven\src\main\resources
2021-04-06 17:15:40,146 [Worker-15: Building] INFO  o.e.m.c.i.embedder.EclipseLogger - skip non existing resourceDirectory D:\Polymtl\HIV2021\LOG8371\TP\LOG8371\server-plugin\server-plugin-buildspec-maven\target\generated-sources\antlr4
2021-04-06 17:15:40,224 [Worker-15: Building] INFO  o.e.m.c.i.embedder.EclipseLogger - Using 'UTF-8' encoding to copy filtered resources.
2021-04-06 17:15:40,224 [Worker-15: Building] INFO  o.e.m.c.i.embedder.EclipseLogger - skip non existing resourceDirectory D:\Polymtl\HIV2021\LOG8371\TP\LOG8371\server-plugin\server-plugin-buildspec-maven\src\test\resources
2021-04-06 17:15:40,224 [Worker-15: Building] INFO  o.e.m.c.i.embedder.EclipseLogger - skip non existing resourceDirectory D:\Polymtl\HIV2021\LOG8371\TP\LOG8371\server-plugin\server-plugin-buildspec-maven\src\test\java
2021-04-06 17:15:40,589 [Worker-15: Building] WARN  o.e.m.c.i.embedder.EclipseLogger - The POM for org.eclipse.core:org.eclipse.core.contenttype:jar:3.4.200.v20140207 is missing, no dependency information available
2021-04-06 17:15:40,598 [Worker-15: Building] WARN  o.e.m.c.i.embedder.EclipseLogger - The POM for org.eclipse.core:org.eclipse.core.jobs:jar:3.5.300.v20130429 is missing, no dependency information available
2021-04-06 17:15:40,607 [Worker-15: Building] WARN  o.e.m.c.i.embedder.EclipseLogger - The POM for org.eclipse.core:org.eclipse.core.resources:jar:3.9.1.v20140825 is missing, no dependency information available
2021-04-06 17:15:40,616 [Worker-15: Building] WARN  o.e.m.c.i.embedder.EclipseLogger - The POM for org.eclipse.core:org.eclipse.core.runtime:jar:3.13.0.v20170207 is missing, no dependency information available
2021-04-06 17:15:40,626 [Worker-15: Building] WARN  o.e.m.c.i.embedder.EclipseLogger - The POM for org.eclipse.core:org.eclipse.core.filesystem:jar:1.7.0.v20170406 is missing, no dependency information available
2021-04-06 17:15:40,636 [Worker-15: Building] WARN  o.e.m.c.i.embedder.EclipseLogger - The POM for org.eclipse:org.eclipse.osgi:jar:3.12.0.v20170512 is missing, no dependency information available
2021-04-06 17:15:40,648 [Worker-15: Building] WARN  o.e.m.c.i.embedder.EclipseLogger - The POM for org.eclipse.equinox:org.eclipse.equinox.registry:jar:3.5.400.v20140428 is missing, no dependency information available
2021-04-06 17:15:40,658 [Worker-15: Building] WARN  o.e.m.c.i.embedder.EclipseLogger - The POM for org.eclipse.equinox:org.eclipse.equinox.common:jar:3.6.200.v20130402 is missing, no dependency information available
2021-04-06 17:15:40,667 [Worker-15: Building] WARN  o.e.m.c.i.embedder.EclipseLogger - The POM for org.eclipse.cdt:org.eclipse.cdt.core:jar:5.11.0 is missing, no dependency information available
2021-04-06 17:15:41,151 [Worker-15: Building] INFO  o.e.m.c.i.p.WorkspaceClassifierResolverManager - Resolving P/server-core: io.onedev:server-core:4.1.3 with classifier  to /server-core/target/classes
2021-04-06 17:15:41,347 [Worker-15: Building] INFO  o.e.m.c.i.p.WorkspaceClassifierResolverManager - Resolving P/server-core: io.onedev:server-core:4.1.3 with classifier  to /server-core/target/classes
2021-04-06 17:15:41,537 [Worker-15: Building] INFO  o.e.m.c.i.embedder.EclipseLogger - Using 'UTF-8' encoding to copy filtered resources.
2021-04-06 17:15:41,537 [Worker-15: Building] INFO  o.e.m.c.i.embedder.EclipseLogger - Copying 0 resource
2021-04-06 17:15:41,537 [Worker-15: Building] INFO  o.e.m.c.i.embedder.EclipseLogger - skip non existing resourceDirectory D:\Polymtl\HIV2021\LOG8371\TP\LOG8371\server-plugin\server-plugin-buildspec-node\src\main\resources
2021-04-06 17:15:41,537 [Worker-15: Building] INFO  o.e.m.c.i.embedder.EclipseLogger - skip non existing resourceDirectory D:\Polymtl\HIV2021\LOG8371\TP\LOG8371\server-plugin\server-plugin-buildspec-node\target\generated-sources\antlr4
2021-04-06 17:15:41,612 [Worker-15: Building] INFO  o.e.m.c.i.embedder.EclipseLogger - Using 'UTF-8' encoding to copy filtered resources.
2021-04-06 17:15:41,612 [Worker-15: Building] INFO  o.e.m.c.i.embedder.EclipseLogger - skip non existing resourceDirectory D:\Polymtl\HIV2021\LOG8371\TP\LOG8371\server-plugin\server-plugin-buildspec-node\src\test\resources
2021-04-06 17:15:41,612 [Worker-15: Building] INFO  o.e.m.c.i.embedder.EclipseLogger - skip non existing resourceDirectory D:\Polymtl\HIV2021\LOG8371\TP\LOG8371\server-plugin\server-plugin-buildspec-node\src\test\java
2021-04-06 17:15:42,421 [Worker-15: Building] WARN  o.e.m.c.i.embedder.EclipseLogger - The POM for org.eclipse.core:org.eclipse.core.contenttype:jar:3.4.200.v20140207 is missing, no dependency information available
2021-04-06 17:15:42,433 [Worker-15: Building] WARN  o.e.m.c.i.embedder.EclipseLogger - The POM for org.eclipse.core:org.eclipse.core.jobs:jar:3.5.300.v20130429 is missing, no dependency information available
2021-04-06 17:15:42,447 [Worker-15: Building] WARN  o.e.m.c.i.embedder.EclipseLogger - The POM for org.eclipse.core:org.eclipse.core.resources:jar:3.9.1.v20140825 is missing, no dependency information available
2021-04-06 17:15:42,458 [Worker-15: Building] WARN  o.e.m.c.i.embedder.EclipseLogger - The POM for org.eclipse.core:org.eclipse.core.runtime:jar:3.13.0.v20170207 is missing, no dependency information available
2021-04-06 17:15:42,470 [Worker-15: Building] WARN  o.e.m.c.i.embedder.EclipseLogger - The POM for org.eclipse.core:org.eclipse.core.filesystem:jar:1.7.0.v20170406 is missing, no dependency information available
2021-04-06 17:15:42,485 [Worker-15: Building] WARN  o.e.m.c.i.embedder.EclipseLogger - The POM for org.eclipse:org.eclipse.osgi:jar:3.12.0.v20170512 is missing, no dependency information available
2021-04-06 17:15:42,495 [Worker-15: Building] WARN  o.e.m.c.i.embedder.EclipseLogger - The POM for org.eclipse.equinox:org.eclipse.equinox.registry:jar:3.5.400.v20140428 is missing, no dependency information available
2021-04-06 17:15:42,507 [Worker-15: Building] WARN  o.e.m.c.i.embedder.EclipseLogger - The POM for org.eclipse.equinox:org.eclipse.equinox.common:jar:3.6.200.v20130402 is missing, no dependency information available
2021-04-06 17:15:42,517 [Worker-15: Building] WARN  o.e.m.c.i.embedder.EclipseLogger - The POM for org.eclipse.cdt:org.eclipse.cdt.core:jar:5.11.0 is missing, no dependency information available
2021-04-06 17:15:43,023 [Worker-15: Building] INFO  o.e.m.c.i.p.WorkspaceClassifierResolverManager - Resolving P/server-core: io.onedev:server-core:4.1.3 with classifier  to /server-core/target/classes
2021-04-06 17:15:43,227 [Worker-15: Building] INFO  o.e.m.c.i.p.WorkspaceClassifierResolverManager - Resolving P/server-core: io.onedev:server-core:4.1.3 with classifier  to /server-core/target/classes
2021-04-06 17:15:43,423 [Worker-15: Building] INFO  o.e.m.c.i.embedder.EclipseLogger - Using 'UTF-8' encoding to copy filtered resources.
2021-04-06 17:15:43,423 [Worker-15: Building] INFO  o.e.m.c.i.embedder.EclipseLogger - Copying 0 resource
2021-04-06 17:15:43,423 [Worker-15: Building] INFO  o.e.m.c.i.embedder.EclipseLogger - skip non existing resourceDirectory D:\Polymtl\HIV2021\LOG8371\TP\LOG8371\server-plugin\server-plugin-executor-docker\src\main\resources
2021-04-06 17:15:43,423 [Worker-15: Building] INFO  o.e.m.c.i.embedder.EclipseLogger - skip non existing resourceDirectory D:\Polymtl\HIV2021\LOG8371\TP\LOG8371\server-plugin\server-plugin-executor-docker\target\generated-sources\antlr4
2021-04-06 17:15:43,504 [Worker-15: Building] INFO  o.e.m.c.i.embedder.EclipseLogger - Using 'UTF-8' encoding to copy filtered resources.
2021-04-06 17:15:43,505 [Worker-15: Building] INFO  o.e.m.c.i.embedder.EclipseLogger - skip non existing resourceDirectory D:\Polymtl\HIV2021\LOG8371\TP\LOG8371\server-plugin\server-plugin-executor-docker\src\test\resources
2021-04-06 17:15:43,505 [Worker-15: Building] INFO  o.e.m.c.i.embedder.EclipseLogger - skip non existing resourceDirectory D:\Polymtl\HIV2021\LOG8371\TP\LOG8371\server-plugin\server-plugin-executor-docker\src\test\java
2021-04-06 17:15:44,304 [Worker-15: Building] WARN  o.e.m.c.i.embedder.EclipseLogger - The POM for org.eclipse.core:org.eclipse.core.contenttype:jar:3.4.200.v20140207 is missing, no dependency information available
2021-04-06 17:15:44,312 [Worker-15: Building] WARN  o.e.m.c.i.embedder.EclipseLogger - The POM for org.eclipse.core:org.eclipse.core.jobs:jar:3.5.300.v20130429 is missing, no dependency information available
2021-04-06 17:15:44,320 [Worker-15: Building] WARN  o.e.m.c.i.embedder.EclipseLogger - The POM for org.eclipse.core:org.eclipse.core.resources:jar:3.9.1.v20140825 is missing, no dependency information available
2021-04-06 17:15:44,328 [Worker-15: Building] WARN  o.e.m.c.i.embedder.EclipseLogger - The POM for org.eclipse.core:org.eclipse.core.runtime:jar:3.13.0.v20170207 is missing, no dependency information available
2021-04-06 17:15:44,336 [Worker-15: Building] WARN  o.e.m.c.i.embedder.EclipseLogger - The POM for org.eclipse.core:org.eclipse.core.filesystem:jar:1.7.0.v20170406 is missing, no dependency information available
2021-04-06 17:15:44,346 [Worker-15: Building] WARN  o.e.m.c.i.embedder.EclipseLogger - The POM for org.eclipse:org.eclipse.osgi:jar:3.12.0.v20170512 is missing, no dependency information available
2021-04-06 17:15:44,354 [Worker-15: Building] WARN  o.e.m.c.i.embedder.EclipseLogger - The POM for org.eclipse.equinox:org.eclipse.equinox.registry:jar:3.5.400.v20140428 is missing, no dependency information available
2021-04-06 17:15:44,362 [Worker-15: Building] WARN  o.e.m.c.i.embedder.EclipseLogger - The POM for org.eclipse.equinox:org.eclipse.equinox.common:jar:3.6.200.v20130402 is missing, no dependency information available
2021-04-06 17:15:44,371 [Worker-15: Building] WARN  o.e.m.c.i.embedder.EclipseLogger - The POM for org.eclipse.cdt:org.eclipse.cdt.core:jar:5.11.0 is missing, no dependency information available
2021-04-06 17:15:44,883 [Worker-15: Building] INFO  o.e.m.c.i.p.WorkspaceClassifierResolverManager - Resolving P/server-core: io.onedev:server-core:4.1.3 with classifier  to /server-core/target/classes
2021-04-06 17:15:45,105 [Worker-15: Building] INFO  o.e.m.c.i.p.WorkspaceClassifierResolverManager - Resolving P/server-core: io.onedev:server-core:4.1.3 with classifier  to /server-core/target/classes
2021-04-06 17:15:45,310 [Worker-15: Building] INFO  o.e.m.c.i.embedder.EclipseLogger - Using 'UTF-8' encoding to copy filtered resources.
2021-04-06 17:15:45,310 [Worker-15: Building] INFO  o.e.m.c.i.embedder.EclipseLogger - Copying 0 resource
2021-04-06 17:15:45,310 [Worker-15: Building] INFO  o.e.m.c.i.embedder.EclipseLogger - skip non existing resourceDirectory D:\Polymtl\HIV2021\LOG8371\TP\LOG8371\server-plugin\server-plugin-executor-kubernetes\src\main\resources
2021-04-06 17:15:45,310 [Worker-15: Building] INFO  o.e.m.c.i.embedder.EclipseLogger - skip non existing resourceDirectory D:\Polymtl\HIV2021\LOG8371\TP\LOG8371\server-plugin\server-plugin-executor-kubernetes\target\generated-sources\antlr4
2021-04-06 17:15:45,391 [Worker-15: Building] INFO  o.e.m.c.i.embedder.EclipseLogger - Using 'UTF-8' encoding to copy filtered resources.
2021-04-06 17:15:45,391 [Worker-15: Building] INFO  o.e.m.c.i.embedder.EclipseLogger - skip non existing resourceDirectory D:\Polymtl\HIV2021\LOG8371\TP\LOG8371\server-plugin\server-plugin-executor-kubernetes\src\test\resources
2021-04-06 17:15:45,391 [Worker-15: Building] INFO  o.e.m.c.i.embedder.EclipseLogger - skip non existing resourceDirectory D:\Polymtl\HIV2021\LOG8371\TP\LOG8371\server-plugin\server-plugin-executor-kubernetes\src\test\java
2021-04-06 17:15:45,841 [Worker-15: Building] WARN  o.e.m.c.i.embedder.EclipseLogger - The POM for org.eclipse.core:org.eclipse.core.contenttype:jar:3.4.200.v20140207 is missing, no dependency information available
2021-04-06 17:15:45,849 [Worker-15: Building] WARN  o.e.m.c.i.embedder.EclipseLogger - The POM for org.eclipse.core:org.eclipse.core.jobs:jar:3.5.300.v20130429 is missing, no dependency information available
2021-04-06 17:15:45,857 [Worker-15: Building] WARN  o.e.m.c.i.embedder.EclipseLogger - The POM for org.eclipse.core:org.eclipse.core.resources:jar:3.9.1.v20140825 is missing, no dependency information available
2021-04-06 17:15:45,864 [Worker-15: Building] WARN  o.e.m.c.i.embedder.EclipseLogger - The POM for org.eclipse.core:org.eclipse.core.runtime:jar:3.13.0.v20170207 is missing, no dependency information available
2021-04-06 17:15:45,872 [Worker-15: Building] WARN  o.e.m.c.i.embedder.EclipseLogger - The POM for org.eclipse.core:org.eclipse.core.filesystem:jar:1.7.0.v20170406 is missing, no dependency information available
2021-04-06 17:15:45,882 [Worker-15: Building] WARN  o.e.m.c.i.embedder.EclipseLogger - The POM for org.eclipse:org.eclipse.osgi:jar:3.12.0.v20170512 is missing, no dependency information available
2021-04-06 17:15:45,892 [Worker-15: Building] WARN  o.e.m.c.i.embedder.EclipseLogger - The POM for org.eclipse.equinox:org.eclipse.equinox.registry:jar:3.5.400.v20140428 is missing, no dependency information available
2021-04-06 17:15:45,900 [Worker-15: Building] WARN  o.e.m.c.i.embedder.EclipseLogger - The POM for org.eclipse.equinox:org.eclipse.equinox.common:jar:3.6.200.v20130402 is missing, no dependency information available
2021-04-06 17:15:45,908 [Worker-15: Building] WARN  o.e.m.c.i.embedder.EclipseLogger - The POM for org.eclipse.cdt:org.eclipse.cdt.core:jar:5.11.0 is missing, no dependency information available
2021-04-06 17:15:46,418 [Worker-15: Building] INFO  o.e.m.c.i.p.WorkspaceClassifierResolverManager - Resolving P/server-core: io.onedev:server-core:4.1.3 with classifier  to /server-core/target/classes
2021-04-06 17:15:46,613 [Worker-15: Building] INFO  o.e.m.c.i.p.WorkspaceClassifierResolverManager - Resolving P/server-core: io.onedev:server-core:4.1.3 with classifier  to /server-core/target/classes
2021-04-06 17:15:46,805 [Worker-15: Building] INFO  o.e.m.c.i.embedder.EclipseLogger - Using 'UTF-8' encoding to copy filtered resources.
2021-04-06 17:15:46,806 [Worker-15: Building] INFO  o.e.m.c.i.embedder.EclipseLogger - Copying 0 resource
2021-04-06 17:15:46,806 [Worker-15: Building] INFO  o.e.m.c.i.embedder.EclipseLogger - skip non existing resourceDirectory D:\Polymtl\HIV2021\LOG8371\TP\LOG8371\server-plugin\server-plugin-report-clover\src\main\resources
2021-04-06 17:15:46,806 [Worker-15: Building] INFO  o.e.m.c.i.embedder.EclipseLogger - skip non existing resourceDirectory D:\Polymtl\HIV2021\LOG8371\TP\LOG8371\server-plugin\server-plugin-report-clover\target\generated-sources\antlr4
2021-04-06 17:15:46,898 [Worker-15: Building] INFO  o.e.m.c.i.embedder.EclipseLogger - Using 'UTF-8' encoding to copy filtered resources.
2021-04-06 17:15:46,899 [Worker-15: Building] INFO  o.e.m.c.i.embedder.EclipseLogger - skip non existing resourceDirectory D:\Polymtl\HIV2021\LOG8371\TP\LOG8371\server-plugin\server-plugin-report-clover\src\test\resources
2021-04-06 17:15:46,899 [Worker-15: Building] INFO  o.e.m.c.i.embedder.EclipseLogger - skip non existing resourceDirectory D:\Polymtl\HIV2021\LOG8371\TP\LOG8371\server-plugin\server-plugin-report-clover\src\test\java
2021-04-06 17:15:48,094 [Worker-15: Building] WARN  o.e.m.c.i.embedder.EclipseLogger - The POM for org.eclipse.core:org.eclipse.core.contenttype:jar:3.4.200.v20140207 is missing, no dependency information available
2021-04-06 17:15:48,104 [Worker-15: Building] WARN  o.e.m.c.i.embedder.EclipseLogger - The POM for org.eclipse.core:org.eclipse.core.jobs:jar:3.5.300.v20130429 is missing, no dependency information available
2021-04-06 17:15:48,112 [Worker-15: Building] WARN  o.e.m.c.i.embedder.EclipseLogger - The POM for org.eclipse.core:org.eclipse.core.resources:jar:3.9.1.v20140825 is missing, no dependency information available
2021-04-06 17:15:48,122 [Worker-15: Building] WARN  o.e.m.c.i.embedder.EclipseLogger - The POM for org.eclipse.core:org.eclipse.core.runtime:jar:3.13.0.v20170207 is missing, no dependency information available
2021-04-06 17:15:48,130 [Worker-15: Building] WARN  o.e.m.c.i.embedder.EclipseLogger - The POM for org.eclipse.core:org.eclipse.core.filesystem:jar:1.7.0.v20170406 is missing, no dependency information available
2021-04-06 17:15:48,141 [Worker-15: Building] WARN  o.e.m.c.i.embedder.EclipseLogger - The POM for org.eclipse:org.eclipse.osgi:jar:3.12.0.v20170512 is missing, no dependency information available
2021-04-06 17:15:48,152 [Worker-15: Building] WARN  o.e.m.c.i.embedder.EclipseLogger - The POM for org.eclipse.equinox:org.eclipse.equinox.registry:jar:3.5.400.v20140428 is missing, no dependency information available
2021-04-06 17:15:48,160 [Worker-15: Building] WARN  o.e.m.c.i.embedder.EclipseLogger - The POM for org.eclipse.equinox:org.eclipse.equinox.common:jar:3.6.200.v20130402 is missing, no dependency information available
2021-04-06 17:15:48,170 [Worker-15: Building] WARN  o.e.m.c.i.embedder.EclipseLogger - The POM for org.eclipse.cdt:org.eclipse.cdt.core:jar:5.11.0 is missing, no dependency information available
2021-04-06 17:15:48,711 [Worker-15: Building] INFO  o.e.m.c.i.p.WorkspaceClassifierResolverManager - Resolving P/server-core: io.onedev:server-core:4.1.3 with classifier  to /server-core/target/classes
2021-04-06 17:15:48,998 [Worker-15: Building] INFO  o.e.m.c.i.p.WorkspaceClassifierResolverManager - Resolving P/server-core: io.onedev:server-core:4.1.3 with classifier  to /server-core/target/classes
2021-04-06 17:15:49,203 [Worker-15: Building] INFO  o.e.m.c.i.embedder.EclipseLogger - Using 'UTF-8' encoding to copy filtered resources.
2021-04-06 17:15:49,203 [Worker-15: Building] INFO  o.e.m.c.i.embedder.EclipseLogger - Copying 4 resources
2021-04-06 17:15:49,266 [Worker-15: Building] INFO  o.e.m.c.i.embedder.EclipseLogger - skip non existing resourceDirectory D:\Polymtl\HIV2021\LOG8371\TP\LOG8371\server-plugin\server-plugin-report-jest\src\main\resources
2021-04-06 17:15:49,266 [Worker-15: Building] INFO  o.e.m.c.i.embedder.EclipseLogger - skip non existing resourceDirectory D:\Polymtl\HIV2021\LOG8371\TP\LOG8371\server-plugin\server-plugin-report-jest\target\generated-sources\antlr4
2021-04-06 17:15:49,349 [Worker-15: Building] INFO  o.e.m.c.i.embedder.EclipseLogger - Using 'UTF-8' encoding to copy filtered resources.
2021-04-06 17:15:49,349 [Worker-15: Building] INFO  o.e.m.c.i.embedder.EclipseLogger - skip non existing resourceDirectory D:\Polymtl\HIV2021\LOG8371\TP\LOG8371\server-plugin\server-plugin-report-jest\src\test\resources
2021-04-06 17:15:49,349 [Worker-15: Building] INFO  o.e.m.c.i.embedder.EclipseLogger - Copying 1 resource
2021-04-06 17:15:49,920 [Worker-15: Building] WARN  o.e.m.c.i.embedder.EclipseLogger - The POM for org.eclipse.core:org.eclipse.core.contenttype:jar:3.4.200.v20140207 is missing, no dependency information available
2021-04-06 17:15:49,929 [Worker-15: Building] WARN  o.e.m.c.i.embedder.EclipseLogger - The POM for org.eclipse.core:org.eclipse.core.jobs:jar:3.5.300.v20130429 is missing, no dependency information available
2021-04-06 17:15:49,939 [Worker-15: Building] WARN  o.e.m.c.i.embedder.EclipseLogger - The POM for org.eclipse.core:org.eclipse.core.resources:jar:3.9.1.v20140825 is missing, no dependency information available
2021-04-06 17:15:49,947 [Worker-15: Building] WARN  o.e.m.c.i.embedder.EclipseLogger - The POM for org.eclipse.core:org.eclipse.core.runtime:jar:3.13.0.v20170207 is missing, no dependency information available
2021-04-06 17:15:49,957 [Worker-15: Building] WARN  o.e.m.c.i.embedder.EclipseLogger - The POM for org.eclipse.core:org.eclipse.core.filesystem:jar:1.7.0.v20170406 is missing, no dependency information available
2021-04-06 17:15:49,973 [Worker-15: Building] WARN  o.e.m.c.i.embedder.EclipseLogger - The POM for org.eclipse:org.eclipse.osgi:jar:3.12.0.v20170512 is missing, no dependency information available
2021-04-06 17:15:49,986 [Worker-15: Building] WARN  o.e.m.c.i.embedder.EclipseLogger - The POM for org.eclipse.equinox:org.eclipse.equinox.registry:jar:3.5.400.v20140428 is missing, no dependency information available
2021-04-06 17:15:49,997 [Worker-15: Building] WARN  o.e.m.c.i.embedder.EclipseLogger - The POM for org.eclipse.equinox:org.eclipse.equinox.common:jar:3.6.200.v20130402 is missing, no dependency information available
2021-04-06 17:15:50,007 [Worker-15: Building] WARN  o.e.m.c.i.embedder.EclipseLogger - The POM for org.eclipse.cdt:org.eclipse.cdt.core:jar:5.11.0 is missing, no dependency information available
2021-04-06 17:15:50,647 [Worker-15: Building] INFO  o.e.m.c.i.p.WorkspaceClassifierResolverManager - Resolving P/server-core: io.onedev:server-core:4.1.3 with classifier  to /server-core/target/classes
2021-04-06 17:15:50,874 [Worker-15: Building] INFO  o.e.m.c.i.p.WorkspaceClassifierResolverManager - Resolving P/server-core: io.onedev:server-core:4.1.3 with classifier  to /server-core/target/classes
2021-04-06 17:15:51,088 [Worker-15: Building] INFO  o.e.m.c.i.embedder.EclipseLogger - Using 'UTF-8' encoding to copy filtered resources.
2021-04-06 17:15:51,089 [Worker-15: Building] INFO  o.e.m.c.i.embedder.EclipseLogger - Copying 2 resources
2021-04-06 17:15:51,126 [Worker-15: Building] INFO  o.e.m.c.i.embedder.EclipseLogger - skip non existing resourceDirectory D:\Polymtl\HIV2021\LOG8371\TP\LOG8371\server-plugin\server-plugin-report-markdown\src\main\resources
2021-04-06 17:15:51,126 [Worker-15: Building] INFO  o.e.m.c.i.embedder.EclipseLogger - skip non existing resourceDirectory D:\Polymtl\HIV2021\LOG8371\TP\LOG8371\server-plugin\server-plugin-report-markdown\target\generated-sources\antlr4
2021-04-06 17:15:51,218 [Worker-15: Building] INFO  o.e.m.c.i.embedder.EclipseLogger - Using 'UTF-8' encoding to copy filtered resources.
2021-04-06 17:15:51,218 [Worker-15: Building] INFO  o.e.m.c.i.embedder.EclipseLogger - skip non existing resourceDirectory D:\Polymtl\HIV2021\LOG8371\TP\LOG8371\server-plugin\server-plugin-report-markdown\src\test\resources
2021-04-06 17:15:51,219 [Worker-15: Building] INFO  o.e.m.c.i.embedder.EclipseLogger - skip non existing resourceDirectory D:\Polymtl\HIV2021\LOG8371\TP\LOG8371\server-plugin\server-plugin-report-markdown\src\test\java
2021-04-06 17:15:51,708 [Worker-15: Building] WARN  o.e.m.c.i.embedder.EclipseLogger - The POM for org.eclipse.core:org.eclipse.core.contenttype:jar:3.4.200.v20140207 is missing, no dependency information available
2021-04-06 17:15:51,717 [Worker-15: Building] WARN  o.e.m.c.i.embedder.EclipseLogger - The POM for org.eclipse.core:org.eclipse.core.jobs:jar:3.5.300.v20130429 is missing, no dependency information available
2021-04-06 17:15:51,726 [Worker-15: Building] WARN  o.e.m.c.i.embedder.EclipseLogger - The POM for org.eclipse.core:org.eclipse.core.resources:jar:3.9.1.v20140825 is missing, no dependency information available
2021-04-06 17:15:51,734 [Worker-15: Building] WARN  o.e.m.c.i.embedder.EclipseLogger - The POM for org.eclipse.core:org.eclipse.core.runtime:jar:3.13.0.v20170207 is missing, no dependency information available
2021-04-06 17:15:51,742 [Worker-15: Building] WARN  o.e.m.c.i.embedder.EclipseLogger - The POM for org.eclipse.core:org.eclipse.core.filesystem:jar:1.7.0.v20170406 is missing, no dependency information available
2021-04-06 17:15:51,751 [Worker-15: Building] WARN  o.e.m.c.i.embedder.EclipseLogger - The POM for org.eclipse:org.eclipse.osgi:jar:3.12.0.v20170512 is missing, no dependency information available
2021-04-06 17:15:51,759 [Worker-15: Building] WARN  o.e.m.c.i.embedder.EclipseLogger - The POM for org.eclipse.equinox:org.eclipse.equinox.registry:jar:3.5.400.v20140428 is missing, no dependency information available
2021-04-06 17:15:51,768 [Worker-15: Building] WARN  o.e.m.c.i.embedder.EclipseLogger - The POM for org.eclipse.equinox:org.eclipse.equinox.common:jar:3.6.200.v20130402 is missing, no dependency information available
2021-04-06 17:15:51,777 [Worker-15: Building] WARN  o.e.m.c.i.embedder.EclipseLogger - The POM for org.eclipse.cdt:org.eclipse.cdt.core:jar:5.11.0 is missing, no dependency information available
2021-04-06 17:15:52,179 [Worker-15: Building] INFO  o.e.m.c.i.p.WorkspaceClassifierResolverManager - Resolving P/server-core: io.onedev:server-core:4.1.3 with classifier  to /server-core/target/classes
2021-04-06 17:15:52,383 [Worker-15: Building] INFO  o.e.m.c.i.p.WorkspaceClassifierResolverManager - Resolving P/server-core: io.onedev:server-core:4.1.3 with classifier  to /server-core/target/classes
2021-04-06 17:15:52,564 [Worker-15: Building] INFO  o.e.m.c.i.embedder.EclipseLogger - Using 'UTF-8' encoding to copy filtered resources.
2021-04-06 17:15:52,565 [Worker-15: Building] INFO  o.e.m.c.i.embedder.EclipseLogger - Copying 2 resources
2021-04-06 17:15:52,589 [Worker-15: Building] INFO  o.e.m.c.i.embedder.EclipseLogger - skip non existing resourceDirectory D:\Polymtl\HIV2021\LOG8371\TP\LOG8371\server-plugin\server-plugin-sso-openid\src\main\resources
2021-04-06 17:15:52,589 [Worker-15: Building] INFO  o.e.m.c.i.embedder.EclipseLogger - skip non existing resourceDirectory D:\Polymtl\HIV2021\LOG8371\TP\LOG8371\server-plugin\server-plugin-sso-openid\target\generated-sources\antlr4
2021-04-06 17:15:52,670 [Worker-15: Building] INFO  o.e.m.c.i.embedder.EclipseLogger - Using 'UTF-8' encoding to copy filtered resources.
2021-04-06 17:15:52,670 [Worker-15: Building] INFO  o.e.m.c.i.embedder.EclipseLogger - skip non existing resourceDirectory D:\Polymtl\HIV2021\LOG8371\TP\LOG8371\server-plugin\server-plugin-sso-openid\src\test\resources
2021-04-06 17:15:52,670 [Worker-15: Building] INFO  o.e.m.c.i.embedder.EclipseLogger - skip non existing resourceDirectory D:\Polymtl\HIV2021\LOG8371\TP\LOG8371\server-plugin\server-plugin-sso-openid\src\test\java
2021-04-06 17:15:53,125 [Worker-15: Building] WARN  o.e.m.c.i.embedder.EclipseLogger - The POM for org.eclipse.core:org.eclipse.core.contenttype:jar:3.4.200.v20140207 is missing, no dependency information available
2021-04-06 17:15:53,134 [Worker-15: Building] WARN  o.e.m.c.i.embedder.EclipseLogger - The POM for org.eclipse.core:org.eclipse.core.jobs:jar:3.5.300.v20130429 is missing, no dependency information available
2021-04-06 17:15:53,143 [Worker-15: Building] WARN  o.e.m.c.i.embedder.EclipseLogger - The POM for org.eclipse.core:org.eclipse.core.resources:jar:3.9.1.v20140825 is missing, no dependency information available
2021-04-06 17:15:53,153 [Worker-15: Building] WARN  o.e.m.c.i.embedder.EclipseLogger - The POM for org.eclipse.core:org.eclipse.core.runtime:jar:3.13.0.v20170207 is missing, no dependency information available
2021-04-06 17:15:53,161 [Worker-15: Building] WARN  o.e.m.c.i.embedder.EclipseLogger - The POM for org.eclipse.core:org.eclipse.core.filesystem:jar:1.7.0.v20170406 is missing, no dependency information available
2021-04-06 17:15:53,172 [Worker-15: Building] WARN  o.e.m.c.i.embedder.EclipseLogger - The POM for org.eclipse:org.eclipse.osgi:jar:3.12.0.v20170512 is missing, no dependency information available
2021-04-06 17:15:53,180 [Worker-15: Building] WARN  o.e.m.c.i.embedder.EclipseLogger - The POM for org.eclipse.equinox:org.eclipse.equinox.registry:jar:3.5.400.v20140428 is missing, no dependency information available
2021-04-06 17:15:53,191 [Worker-15: Building] WARN  o.e.m.c.i.embedder.EclipseLogger - The POM for org.eclipse.equinox:org.eclipse.equinox.common:jar:3.6.200.v20130402 is missing, no dependency information available
2021-04-06 17:15:53,201 [Worker-15: Building] WARN  o.e.m.c.i.embedder.EclipseLogger - The POM for org.eclipse.cdt:org.eclipse.cdt.core:jar:5.11.0 is missing, no dependency information available
2021-04-06 17:15:53,644 [Worker-15: Building] INFO  o.e.m.c.i.p.WorkspaceClassifierResolverManager - Resolving P/server-core: io.onedev:server-core:4.1.3 with classifier  to /server-core/target/classes
2021-04-06 17:15:53,817 [Worker-15: Building] INFO  o.e.m.c.i.p.WorkspaceClassifierResolverManager - Resolving P/server-plugin-report-jest: io.onedev:server-plugin-report-jest:4.1.3 with classifier  to /server-plugin-report-jest/target/classes
2021-04-06 17:15:53,818 [Worker-15: Building] INFO  o.e.m.c.i.p.WorkspaceClassifierResolverManager - Resolving P/server-plugin-report-clover: io.onedev:server-plugin-report-clover:4.1.3 with classifier  to /server-plugin-report-clover/target/classes
2021-04-06 17:15:53,818 [Worker-15: Building] INFO  o.e.m.c.i.p.WorkspaceClassifierResolverManager - Resolving P/server-plugin-buildspec-maven: io.onedev:server-plugin-buildspec-maven:4.1.3 with classifier  to /server-plugin-buildspec-maven/target/classes
2021-04-06 17:15:53,818 [Worker-15: Building] INFO  o.e.m.c.i.p.WorkspaceClassifierResolverManager - Resolving P/server-plugin-buildspec-node: io.onedev:server-plugin-buildspec-node:4.1.3 with classifier  to /server-plugin-buildspec-node/target/classes
2021-04-06 17:15:53,818 [Worker-15: Building] INFO  o.e.m.c.i.p.WorkspaceClassifierResolverManager - Resolving P/server-plugin-buildspec-gradle: io.onedev:server-plugin-buildspec-gradle:4.1.3 with classifier  to /server-plugin-buildspec-gradle/target/classes
2021-04-06 17:15:53,818 [Worker-15: Building] INFO  o.e.m.c.i.p.WorkspaceClassifierResolverManager - Resolving P/server-plugin-executor-kubernetes: io.onedev:server-plugin-executor-kubernetes:4.1.3 with classifier  to /server-plugin-executor-kubernetes/target/classes
2021-04-06 17:15:53,818 [Worker-15: Building] INFO  o.e.m.c.i.p.WorkspaceClassifierResolverManager - Resolving P/server-plugin-executor-docker: io.onedev:server-plugin-executor-docker:4.1.3 with classifier  to /server-plugin-executor-docker/target/classes
2021-04-06 17:15:53,818 [Worker-15: Building] INFO  o.e.m.c.i.p.WorkspaceClassifierResolverManager - Resolving P/server-plugin-authenticator-ldap: io.onedev:server-plugin-authenticator-ldap:4.1.3 with classifier  to /server-plugin-authenticator-ldap/target/classes
2021-04-06 17:15:53,818 [Worker-15: Building] INFO  o.e.m.c.i.p.WorkspaceClassifierResolverManager - Resolving P/server-plugin-sso-openid: io.onedev:server-plugin-sso-openid:4.1.3 with classifier  to /server-plugin-sso-openid/target/classes
2021-04-06 17:15:53,823 [Worker-15: Building] INFO  o.e.m.c.i.p.WorkspaceClassifierResolverManager - Resolving P/server-plugin-report-markdown: io.onedev:server-plugin-report-markdown:4.1.3 with classifier  to /server-plugin-report-markdown/target/classes
2021-04-06 17:15:53,838 [Worker-15: Building] INFO  o.e.m.c.i.embedder.EclipseLogger - Using 'UTF-8' encoding to copy filtered resources.
2021-04-06 17:15:53,838 [Worker-15: Building] INFO  o.e.m.c.i.embedder.EclipseLogger - Copying 0 resource
2021-04-06 17:15:53,838 [Worker-15: Building] INFO  o.e.m.c.i.embedder.EclipseLogger - Copying 1 resource
2021-04-06 17:15:53,850 [Worker-15: Building] INFO  o.e.m.c.i.embedder.EclipseLogger - skip non existing resourceDirectory D:\Polymtl\HIV2021\LOG8371\TP\LOG8371\server-product\target\generated-sources\antlr4
2021-04-06 17:15:54,046 [Worker-15: Building] INFO  o.e.m.c.i.embedder.EclipseLogger - Using 'UTF-8' encoding to copy filtered resources.
2021-04-06 17:15:54,046 [Worker-15: Building] INFO  o.e.m.c.i.embedder.EclipseLogger - skip non existing resourceDirectory D:\Polymtl\HIV2021\LOG8371\TP\LOG8371\server-product\src\test\resources
2021-04-06 17:15:54,046 [Worker-15: Building] INFO  o.e.m.c.i.embedder.EclipseLogger - Copying 0 resource
